<?xml version="1.0" encoding="UTF-8"?>
<testsuites name="Content Studio_1" time="1086.487" tests="5" failures="0" errors="0">
   <testsuite name="Content Studio_1" tests="5" failures="0" errors="0" time="1086.487" timestamp="2021-02-19 15:51:39" hostname="ghosbo - PC-BobG.apac.wan.2020.net" id="Test Suites/01_Content Studio/Content Studio_1">
      <properties>
         <property name="deviceName" value=""/>
         <property name="devicePlatform" value=""/>
         <property name="logFolder" value="C:\\Katalon\\Script v5.x-newUI\\Reports\\20210219_155137\\01_Content Studio\\Content Studio_1\\20210219_155137"/>
         <property name="logFiles" value="C:\\Katalon\\Script v5.x-newUI\\Reports\\20210219_155137\\01_Content Studio\\Content Studio_1\\20210219_155137\\execution0.log"/>
         <property name="attachments" value=""/>
         <property name="hostName" value="ghosbo - PC-BobG.apac.wan.2020.net"/>
         <property name="os" value="Windows 10 64bit"/>
         <property name="katalonVersion" value="7.7.0.205"/>
         <property name="browser" value="Chrome 88.0.4324.182"/>
         <property name="hostAddress" value="172.21.37.105"/>
         <property name="sessionId" value="bb8df83545e256dd5aa60cdfbf673968"/>
         <property name="seleniumVersion" value="3.141.59"/>
         <property name="proxyInformation" value="ProxyInformation { proxyOption=NO_PROXY, proxyServerType=HTTP, username=, password=********, proxyServerAddress=, proxyServerPort=0, executionList=&quot;&quot;, isApplyToDesiredCapabilities=true }"/>
         <property name="platform" value="Windows 10"/>
      </properties>
      <testcase name="Test Cases/2_TestCases/2_Content Studio/Login Page/294264- Login In Content Studio" time="46.397" classname="Test Cases/2_TestCases/2_Content Studio/Login Page/294264- Login In Content Studio" status="PASSED">
         <system-out><![CDATA[2021-02-19 15:51:41 - [TEST_CASE][PASSED] - Test Cases/2_TestCases/2_Content Studio/Login Page/294264- Login In Content Studio: Test Cases/2_TestCases/2_Content Studio/Login Page/294264- Login In Content Studio

2021-02-19 15:51:41 - [TEST_STEP][PASSED] - Start listener action : sampleBeforeTestCase: genericFunctions.DataProcessing.getTestInputValueFromExcelDataJsonString is PASSED

2021-02-19 15:51:41 - [TEST_STEP][PASSED] - mapTcProps.clear(): null

2021-02-19 15:51:41 - [TEST_STEP][PASSED] - if (executionSource.contains(".tc")): null

2021-02-19 15:51:41 - [TEST_STEP][PASSED] - currentTestCaseSkippedStatus = null: null

2021-02-19 15:51:41 - [TEST_STEP][PASSED] - currentTestCaseNonSupportedEnvironments = null: null

2021-02-19 15:51:41 - [TEST_STEP][PASSED] - currentTestCaseCaptureNetworkTraffic = null: null

2021-02-19 15:51:41 - [TEST_STEP][PASSED] - anyWebDriverSessionOpen = null: null

2021-02-19 15:51:41 - [TEST_STEP][PASSED] - currentTestCaseImgCheckSuccess = null: null

2021-02-19 15:51:41 - [TEST_STEP][PASSED] - envInfo.put("fetchURL", ""): null

2021-02-19 15:51:41 - [TEST_STEP][PASSED] - envInfo.put("privacyPolicyMessageResponded", false): null

2021-02-19 15:51:41 - [TEST_STEP][PASSED] - fullTestName = testCaseContext.getTestCaseId(): null

2021-02-19 15:51:41 - [TEST_STEP][PASSED] - if (fullTestName.contains("0_EnvInfo") == false): null

2021-02-19 15:51:41 - [TEST_STEP][PASSED] - testName = fullTestName.substring(fullTestName.lastIndexOf("/") + 1): null

2021-02-19 15:51:41 - [TEST_STEP][PASSED] - currentTestCase = testName.substring(0, testName.indexOf("-")): null

2021-02-19 15:51:41 - [TEST_STEP][PASSED] - currentTestCase = currentTestCase.replaceAll(" ", ""): null

2021-02-19 15:51:41 - [TEST_STEP][PASSED] - currentTestCaseID = currentTestCase: null

2021-02-19 15:51:41 - [TEST_STEP][PASSED] - try: null

2021-02-19 15:51:41 - [TEST_STEP][PASSED] - if (toString().contains("(null)") == false): null

2021-02-19 15:51:41 - [TEST_STEP][PASSED] - catch (Exception BrowserNotOpenedException): null

2021-02-19 15:51:41 - [TEST_STEP][PASSED] - anyWebDriverSessionOpen = "false": null

2021-02-19 15:51:41 - [TEST_STEP][PASSED] - if (getTestCaseVariables().containsKey("captureNetworkTraffic")): null

2021-02-19 15:51:41 - [TEST_STEP][PASSED] - if (getTestCaseVariables().containsKey("nonSupportedEnvironments")): null

2021-02-19 15:51:41 - [TEST_STEP][PASSED] - testCaseToBeSkipped = false: null

2021-02-19 15:51:41 - [TEST_STEP][PASSED] - tfsWebServices.setTfsIntegrationPropertiesFilePath("./External Libraries/tfsIntegration.properties"): null

2021-02-19 15:51:41 - [TEST_STEP][PASSED] - tfsWebServices.setTfsIntegrationTempPropertiesFilePath("./External Libraries/tfsIntegrationTemp/tfsIntegrationTemp_" + suiteName + ".properties"): null

2021-02-19 15:51:41 - [TEST_STEP][PASSED] - workItemDetails = tfsWebServices.getWorkItemDetails(currentTestCaseID): null

2021-02-19 15:51:43 - [TEST_STEP][PASSED] - if (workItemDetails == null): null

2021-02-19 15:51:43 - [TEST_STEP][PASSED] - sleep(3000): null

2021-02-19 15:51:46 - [TEST_STEP][PASSED] - workItemDetails = tfsWebServices.getWorkItemDetails(currentTestCaseID): null

2021-02-19 15:51:47 - [TEST_STEP][PASSED] - if (workItemDetails != null): null

2021-02-19 15:51:47 - [TEST_STEP][PASSED] - else: null

2021-02-19 15:51:47 - [TEST_STEP][PASSED] - mapTcProps.put("Microsoft.VSTS.Common.Priority", "Couldn't retrieve (VSTS token may be missing OR Temporary issue)"): null

2021-02-19 15:51:47 - [TEST_STEP][PASSED] - mapTcProps.put("Technologies2020.Common.Automation", "Couldn't retrieve (VSTS token may be missing OR Temporary issue)"): null

2021-02-19 15:51:47 - [TEST_STEP][PASSED] - mapTcProps.put("System.State", "Couldn't retrieve (VSTS token may be missing OR Temporary issue)"): null

2021-02-19 15:51:47 - [TEST_STEP][PASSED] - if (executionSource.contains(".tc") == false): null

2021-02-19 15:51:47 - [TEST_STEP][PASSED] - if (testCaseToBeSkipped == false && workItemDetails != null): null

2021-02-19 15:51:47 - [TEST_STEP][PASSED] - if (testCaseToBeSkipped == false): null

2021-02-19 15:51:47 - [TEST_STEP][PASSED] - if (State").equals("Closed")): null

2021-02-19 15:51:47 - [TEST_STEP][PASSED] - else if (Automation").equals("Yes") == false && Automation").contains("Couldn't retrieve") == false): null

2021-02-19 15:51:47 - [TEST_STEP][PASSED] - else: null

2021-02-19 15:51:47 - [TEST_STEP][PASSED] - testCaseToBeSkipped = mapTcAndReason.containsKey(currentTestCaseID): null

2021-02-19 15:51:47 - [TEST_STEP][PASSED] - if (mapTcAndReason.containsKey(currentTestCaseID)): null

2021-02-19 15:51:47 - [TEST_STEP][PASSED] - if (testCaseToBeSkipped == true): null

2021-02-19 15:51:47 - [TEST_STEP][PASSED] - nonSupportedEnv_ = genericFunctions.DataProcessing.getTestInputValueFromExcelDataJsonString("FlagsForNonSupportedEnvJson", "Combination(s)"): genericFunctions.DataProcessing.getTestInputValueFromExcelDataJsonString is PASSED

2021-02-19 15:51:47 - [MESSAGE][INFO] - 

2021-02-19 15:51:47 - [MESSAGE][PASSED] - genericFunctions.DataProcessing.getTestInputValueFromExcelDataJsonString is PASSED

2021-02-19 15:51:47 - [TEST_STEP][PASSED] - callTestCase(findTestCase("1_Actions_AppSpecific/2_Content Studio/1_Action_Common/1_Login-Page/LoginToCS"), ["userEmail":genericFunctions.DataProcessing.readTestDataFromExcelFile(currentTestCaseID, "UserEmail"), "Password":genericFunctions.DataProcessing.readTestDataFromExcelFile(currentTestCaseID, "Password")], STOP_ON_FAILURE): Call Test Case 'Test Cases/1_Actions_AppSpecific/2_Content Studio/1_Action_Common/1_Login-Page/LoginToCS' successfully

2021-02-19 15:51:47 - [MESSAGE][PASSED] - genericFunctions.DataProcessing.readTestDataFromExcelFile is PASSED

2021-02-19 15:51:47 - [MESSAGE][PASSED] - genericFunctions.DataProcessing.readTestDataFromExcelFile is PASSED

2021-02-19 15:51:48 - [TEST_CASE][PASSED] - Test Cases/1_Actions_AppSpecific/2_Content Studio/1_Action_Common/1_Login-Page/LoginToCS: Test Cases/1_Actions_AppSpecific/2_Content Studio/1_Action_Common/1_Login-Page/LoginToCS

2021-02-19 15:51:48 - [TEST_STEP][PASSED] - callTestCase(findTestCase("0_Actions_General/appendFlagsToBaseUrlAndLaunch"), ["flagCombination":"<doNotAppendAnything>", "relaunchBrowser":true, "skipPrivacyPolicyMessage":true], STOP_ON_FAILURE): Call Test Case 'Test Cases/0_Actions_General/appendFlagsToBaseUrlAndLaunch' successfully

2021-02-19 15:51:48 - [TEST_CASE][PASSED] - Test Cases/0_Actions_General/appendFlagsToBaseUrlAndLaunch: Test Cases/0_Actions_General/appendFlagsToBaseUrlAndLaunch

2021-02-19 15:51:48 - [TEST_STEP][PASSED] - if (currentTestCaseSkippedStatus.equals("true")): null

2021-02-19 15:51:48 - [TEST_STEP][PASSED] - if (flagCombination.equals("<doNotAppendAnything>") == false): null

2021-02-19 15:51:48 - [TEST_STEP][PASSED] - else: Call Test Case 'Test Cases/0_Actions_General/goToUrl' successfully

2021-02-19 15:51:48 - [TEST_STEP][PASSED] - callTestCase(findTestCase("0_Actions_General/goToUrl"), ["skipPrivacyPolicyMessage":skipPrivacyPolicyMessage], STOP_ON_FAILURE): Call Test Case 'Test Cases/0_Actions_General/goToUrl' successfully

2021-02-19 15:51:48 - [TEST_CASE][PASSED] - Test Cases/0_Actions_General/goToUrl: Test Cases/0_Actions_General/goToUrl

2021-02-19 15:51:48 - [TEST_STEP][PASSED] - genericFunctions.EnvironmentSetup.setupForBrowserWithRespectToProxy(): genericFunctions.EnvironmentSetup.setupForBrowserWithRespectToProxy is PASSED

2021-02-19 15:51:48 - [MESSAGE][PASSED] - genericFunctions.EnvironmentSetup.setupForBrowserWithRespectToProxy is PASSED

2021-02-19 15:51:48 - [TEST_STEP][PASSED] - url = "": null

2021-02-19 15:51:48 - [TEST_STEP][PASSED] - if (!(toString().contentEquals(""))): null

2021-02-19 15:51:48 - [TEST_STEP][PASSED] - else: null

2021-02-19 15:51:48 - [TEST_STEP][PASSED] - url = URL: null

2021-02-19 15:51:48 - [TEST_STEP][PASSED] - if (currentTestCaseCaptureNetworkTraffic == null && chromeBetaToUsedOnWindowsExecution.equals("false")): Browser is opened with url: ''

2021-02-19 15:51:48 - [TEST_STEP][PASSED] - openBrowser(""): Browser is opened with url: ''

2021-02-19 15:51:48 - [MESSAGE][INFO] - Starting 'Chrome' driver

2021-02-19 15:51:48 - [MESSAGE][INFO] - User set preference: ['args', '[enable-features=ReducedReferrerGranularity, disable-features=IntensiveWakeUpThrottling,CalculateNativeWinOcclusion]']

2021-02-19 15:51:48 - [MESSAGE][INFO] - Action delay is set to 0 milliseconds

2021-02-19 15:51:50 - [MESSAGE][PASSED] - Browser is opened with url: ''

2021-02-19 15:51:50 - [TEST_STEP][PASSED] - if (get("browserName").equals("chrome") && toString().equalsIgnoreCase("null") && executionProfile.contains("KSI Kitchens (Gen Imperial)") || executionProfile.contains("Content Generic Metric") || executionProfile.contains("Der Kreis (Gen Metric)") || executionProfile.contains("Aviva (Nobilia)")): null

2021-02-19 15:51:50 - [TEST_STEP][PASSED] - maximizeWindow(): Current window maximized

2021-02-19 15:51:50 - [MESSAGE][PASSED] - Current window maximized

2021-02-19 15:51:50 - [TEST_STEP][PASSED] - envInfo.put("browserVersion", getBrowserNameAndVersion().get("browserVersion")): genericFunctions.EnvironmentSetup.getBrowserNameAndVersion is PASSED

2021-02-19 15:51:50 - [MESSAGE][PASSED] - genericFunctions.EnvironmentSetup.getBrowserNameAndVersion is PASSED

2021-02-19 15:51:50 - [TEST_STEP][PASSED] - if (get("browserName").equals("chrome")): genericFunctions.EnvironmentSetup.triggerChromeComponentsUpdate is PASSED

2021-02-19 15:51:50 - [TEST_STEP][PASSED] - genericFunctions.EnvironmentSetup.triggerChromeComponentsUpdate(): genericFunctions.EnvironmentSetup.triggerChromeComponentsUpdate is PASSED

2021-02-19 15:51:51 - [MESSAGE][PASSED] - genericFunctions.EnvironmentSetup.triggerChromeComponentsUpdate is PASSED

2021-02-19 15:51:51 - [TEST_STEP][PASSED] - appDetails = "": null

2021-02-19 15:51:51 - [TEST_STEP][PASSED] - println(useUrlFromPlatformLauncherOverUrlFromSpreadsheet): null

2021-02-19 15:51:51 - [TEST_STEP][PASSED] - if (toString().equals("true")): Call Test Case 'Test Cases/0_Actions_General/PlatformLauncher-Page/obtainUrlFromPlatformLauncher' successfully

2021-02-19 15:51:51 - [TEST_STEP][PASSED] - if (toString().isEmpty()): Call Test Case 'Test Cases/0_Actions_General/PlatformLauncher-Page/obtainUrlFromPlatformLauncher' successfully

2021-02-19 15:51:51 - [TEST_STEP][PASSED] - appDetails = callTestCase(findTestCase("0_Actions_General/PlatformLauncher-Page/obtainUrlFromPlatformLauncher"), [:], STOP_ON_FAILURE): Call Test Case 'Test Cases/0_Actions_General/PlatformLauncher-Page/obtainUrlFromPlatformLauncher' successfully

2021-02-19 15:51:51 - [TEST_CASE][PASSED] - Test Cases/0_Actions_General/PlatformLauncher-Page/obtainUrlFromPlatformLauncher: Test Cases/0_Actions_General/PlatformLauncher-Page/obtainUrlFromPlatformLauncher

2021-02-19 15:51:51 - [TEST_STEP][PASSED] - if (toString().equals("pre-prod")): null

2021-02-19 15:51:51 - [TEST_STEP][PASSED] - navigateToUrl("http://apps-canary.2020.net/Launcher/index.html"): Navigate to 'http://apps-canary.2020.net/Launcher/index.html' successfully

2021-02-19 15:51:53 - [MESSAGE][PASSED] - Navigate to 'http://apps-canary.2020.net/Launcher/index.html' successfully

2021-02-19 15:51:53 - [TEST_STEP][PASSED] - waitForPageLoad(maxWait): Wait for page load successfully

2021-02-19 15:51:53 - [MESSAGE][PASSED] - Wait for page load successfully

2021-02-19 15:51:53 - [TEST_STEP][PASSED] - maximizeWindow(): Current window maximized

2021-02-19 15:51:53 - [MESSAGE][PASSED] - Current window maximized

2021-02-19 15:51:53 - [TEST_STEP][PASSED] - if (get("customerAppsEnabled").equals("true")): null

2021-02-19 15:51:53 - [TEST_STEP][PASSED] - delay(minuteDelay): Delayed 2 second(s)

2021-02-19 15:51:55 - [MESSAGE][PASSED] - Delayed 2 second(s)

2021-02-19 15:51:55 - [TEST_STEP][PASSED] - delay(minuteDelay): Delayed 2 second(s)

2021-02-19 15:51:57 - [MESSAGE][PASSED] - Delayed 2 second(s)

2021-02-19 15:51:57 - [TEST_STEP][PASSED] - genericFunctions.Utilities.waitForObjectToBeClickableAndClick(findTestObject("0_Actions_General/PlatformLauncher-Page/button_env", ["environment":trim().toLowerCase()])): genericFunctions.Utilities.waitForObjectToBeClickableAndClick is PASSED

2021-02-19 15:51:58 - [MESSAGE][INFO] - Clickability Attempt 1 - Katalon's clickability check for Test Object "Object Repository/0_Actions_General/PlatformLauncher-Page/button_env".

2021-02-19 15:51:58 - [MESSAGE][PASSED] - Object 'Object Repository/0_Actions_General/PlatformLauncher-Page/button_env' is clickable

2021-02-19 15:51:58 - [MESSAGE][INFO] - ------------------------------

2021-02-19 15:51:58 - [MESSAGE][INFO] - Actual Click Attempt 1 - Katalon's click attempt for Test Object "Object Repository/0_Actions_General/PlatformLauncher-Page/button_env".

2021-02-19 15:51:58 - [MESSAGE][PASSED] - Object: 'Object Repository/0_Actions_General/PlatformLauncher-Page/button_env' is clicked on

2021-02-19 15:51:58 - [MESSAGE][PASSED] - genericFunctions.Utilities.waitForObjectToBeClickableAndClick is PASSED

2021-02-19 15:51:58 - [TEST_STEP][PASSED] - delay(minuteDelay): Delayed 2 second(s)

2021-02-19 15:52:00 - [MESSAGE][PASSED] - Delayed 2 second(s)

2021-02-19 15:52:00 - [TEST_STEP][PASSED] - appToLaunch = genericFunctions.EnvironmentSetup.getCurrentAppNameFromProfileName(): genericFunctions.EnvironmentSetup.getCurrentAppNameFromProfileName is PASSED

2021-02-19 15:52:00 - [MESSAGE][PASSED] - genericFunctions.EnvironmentSetup.getCurrentAppNameFromProfileName is PASSED

2021-02-19 15:52:00 - [TEST_STEP][PASSED] - genericFunctions.Utilities.waitForObjectToBeClickableAndClick(findTestObject("0_Actions_General/PlatformLauncher-Page/list_cutomerName", ["customer":appToLaunch])): genericFunctions.Utilities.waitForObjectToBeClickableAndClick is PASSED

2021-02-19 15:52:00 - [MESSAGE][INFO] - Clickability Attempt 1 - Katalon's clickability check for Test Object "Object Repository/0_Actions_General/PlatformLauncher-Page/list_cutomerName".

2021-02-19 15:52:00 - [MESSAGE][PASSED] - Object 'Object Repository/0_Actions_General/PlatformLauncher-Page/list_cutomerName' is clickable

2021-02-19 15:52:00 - [MESSAGE][INFO] - ------------------------------

2021-02-19 15:52:00 - [MESSAGE][INFO] - Actual Click Attempt 1 - Katalon's click attempt for Test Object "Object Repository/0_Actions_General/PlatformLauncher-Page/list_cutomerName".

2021-02-19 15:52:00 - [MESSAGE][PASSED] - Object: 'Object Repository/0_Actions_General/PlatformLauncher-Page/list_cutomerName' is clicked on

2021-02-19 15:52:00 - [MESSAGE][PASSED] - genericFunctions.Utilities.waitForObjectToBeClickableAndClick is PASSED

2021-02-19 15:52:00 - [TEST_STEP][PASSED] - delay(minuteDelay): Delayed 2 second(s)

2021-02-19 15:52:02 - [MESSAGE][PASSED] - Delayed 2 second(s)

2021-02-19 15:52:02 - [TEST_STEP][PASSED] - if (appToLaunch in ["Content Studio"] == false): null

2021-02-19 15:52:02 - [TEST_STEP][PASSED] - delay(minWait): Delayed 5 second(s)

2021-02-19 15:52:07 - [MESSAGE][PASSED] - Delayed 5 second(s)

2021-02-19 15:52:07 - [TEST_STEP][PASSED] - switchToWindowIndex(1): Switched to window with index: '1'

2021-02-19 15:52:07 - [MESSAGE][PASSED] - Switched to window with index: '1'

2021-02-19 15:52:07 - [TEST_STEP][PASSED] - closeWindowUrl("http://apps-canary.2020.net/Launcher/index.html"): Window with url: 'http://apps-canary.2020.net/Launcher/index.html' is closed

2021-02-19 15:52:07 - [MESSAGE][PASSED] - Window with url: 'http://apps-canary.2020.net/Launcher/index.html' is closed

2021-02-19 15:52:07 - [TEST_STEP][PASSED] - delay(minuteDelay): Delayed 2 second(s)

2021-02-19 15:52:09 - [MESSAGE][PASSED] - Delayed 2 second(s)

2021-02-19 15:52:09 - [TEST_STEP][PASSED] - switchToWindowIndex(0): Switched to window with index: '0'

2021-02-19 15:52:09 - [MESSAGE][PASSED] - Switched to window with index: '0'

2021-02-19 15:52:09 - [TEST_STEP][PASSED] - println(getUrl()): Current window's url is: 'https://contentstudio-qat.2020-platform.net/index.html'

2021-02-19 15:52:09 - [MESSAGE][PASSED] - Current window's url is: 'https://contentstudio-qat.2020-platform.net/index.html'

2021-02-19 15:52:09 - [TEST_STEP][PASSED] - URL = getUrl(): Current window's url is: 'https://contentstudio-qat.2020-platform.net/index.html'

2021-02-19 15:52:09 - [MESSAGE][PASSED] - Current window's url is: 'https://contentstudio-qat.2020-platform.net/index.html'

2021-02-19 15:52:09 - [TEST_STEP][PASSED] - if (toString().isEmpty()): null

2021-02-19 15:52:09 - [TEST_STEP][PASSED] - delay(minuteDelay): Delayed 2 second(s)

2021-02-19 15:52:11 - [MESSAGE][PASSED] - Delayed 2 second(s)

2021-02-19 15:52:11 - [TEST_STEP][PASSED] - try: null

2021-02-19 15:52:11 - [TEST_STEP][PASSED] - js = getWebDriver(): null

2021-02-19 15:52:11 - [TEST_STEP][PASSED] - isCoreName = js.executeScript("return (require('json!config/environment.json').appName)"): null

2021-02-19 15:52:11 - [TEST_STEP][PASSED] - catch (Exception e): null

2021-02-19 15:52:11 - [TEST_STEP][PASSED] - return (Exception occurred while obtaining APP version details:  + e.message): null

2021-02-19 15:52:11 - [MESSAGE][PASSED] - Call Test Case 'Test Cases/0_Actions_General/PlatformLauncher-Page/obtainUrlFromPlatformLauncher' successfully

2021-02-19 15:52:11 - [TEST_STEP][PASSED] - if (toString().equals("false")): null

2021-02-19 15:52:11 - [TEST_STEP][PASSED] - if (executionProfile.contains("2020 Metric") || executionProfile.contains("2020 Imperial") || executionProfile.contains("Eggo") || executionProfile.contains("Reform") || executionProfile.contains("Reform Imperial") || executionProfile.contains("Content Generic Metric") || executionProfile.contains("Der Kreis (Gen Metric)") || executionProfile.contains("Aviva (Nobilia)")): null

2021-02-19 15:52:11 - [TEST_STEP][PASSED] - logInfo("Execution Profile : " + executionProfile + "
" + "Launched URL : " + getUrl() + "
" + "App Details : " + appDetails + "
" + "Launcher Flags : " + launcherFlagsToggle): Execution Profile : Content Studio_1
Launched URL : https://contentstudio-qat.2020-platform.net/index.html
App Details : Exception occurred while obtaining APP version details: javascript error: require is not defined
  (Session info: chrome=88.0.4324.182)
Build info: version: '3.141.59', revision: 'e82be7d358', time: '2018-11-14T08:25:53'
System info: host: 'PC-BOBG', ip: '172.21.37.105', os.name: 'Windows 10', os.arch: 'amd64', os.version: '10.0', java.version: '1.8.0_181'
Driver info: com.kms.katalon.selenium.driver.CChromeDriver
Capabilities {acceptInsecureCerts: false, browserName: chrome, browserVersion: 88.0.4324.182, chrome: {chromedriverVersion: 88.0.4324.96 (68dba2d8a0b14..., userDataDir: C:\Users\ghosbo\AppData\Loc...}, goog:chromeOptions: {debuggerAddress: localhost:63165}, javascriptEnabled: true, networkConnectionEnabled: false, pageLoadStrategy: normal, platform: WINDOWS, platformName: WINDOWS, proxy: Proxy(), setWindowRect: true, strictFileInteractability: false, timeouts: {implicit: 0, pageLoad: 300000, script: 30000}, unhandledPromptBehavior: dismiss and notify, webauthn:extension:largeBlob: true, webauthn:virtualAuthenticators: true}
Session ID: 5231a7679b3d811fe09517dd44107d4e
Launcher Flags : [customerAppsEnabled:false]

2021-02-19 15:52:11 - [MESSAGE][PASSED] - Current window's url is: 'https://contentstudio-qat.2020-platform.net/index.html'

2021-02-19 15:52:11 - [MESSAGE][INFO] - Execution Profile : Content Studio_1
Launched URL : https://contentstudio-qat.2020-platform.net/index.html
App Details : Exception occurred while obtaining APP version details: javascript error: require is not defined
  (Session info: chrome=88.0.4324.182)
Build info: version: '3.141.59', revision: 'e82be7d358', time: '2018-11-14T08:25:53'
System info: host: 'PC-BOBG', ip: '172.21.37.105', os.name: 'Windows 10', os.arch: 'amd64', os.version: '10.0', java.version: '1.8.0_181'
Driver info: com.kms.katalon.selenium.driver.CChromeDriver
Capabilities {acceptInsecureCerts: false, browserName: chrome, browserVersion: 88.0.4324.182, chrome: {chromedriverVersion: 88.0.4324.96 (68dba2d8a0b14..., userDataDir: C:\Users\ghosbo\AppData\Loc...}, goog:chromeOptions: {debuggerAddress: localhost:63165}, javascriptEnabled: true, networkConnectionEnabled: false, pageLoadStrategy: normal, platform: WINDOWS, platformName: WINDOWS, proxy: Proxy(), setWindowRect: true, strictFileInteractability: false, timeouts: {implicit: 0, pageLoad: 300000, script: 30000}, unhandledPromptBehavior: dismiss and notify, webauthn:extension:largeBlob: true, webauthn:virtualAuthenticators: true}
Session ID: 5231a7679b3d811fe09517dd44107d4e
Launcher Flags : [customerAppsEnabled:false]

2021-02-19 15:52:11 - [MESSAGE][PASSED] - Call Test Case 'Test Cases/0_Actions_General/goToUrl' successfully

2021-02-19 15:52:11 - [MESSAGE][PASSED] - Call Test Case 'Test Cases/0_Actions_General/appendFlagsToBaseUrlAndLaunch' successfully

2021-02-19 15:52:11 - [TEST_STEP][PASSED] - genericFunctions.Utilities.waitForObjectToBeVisible(findTestObject("1_Actions_AppSpecific/2_Content Studio/1_Action_Common/1_Login-Page/iframe_ids")): genericFunctions.Utilities.waitForObjectToBeVisible is PASSED

2021-02-19 15:52:11 - [MESSAGE][INFO] - Attempt 1 - Katalon's visibility check for Test Object "Object Repository/1_Actions_AppSpecific/2_Content Studio/1_Action_Common/1_Login-Page/iframe_ids".

2021-02-19 15:52:18 - [MESSAGE][PASSED] - Object 'Object Repository/1_Actions_AppSpecific/2_Content Studio/1_Action_Common/1_Login-Page/iframe_ids' is visible

2021-02-19 15:52:18 - [MESSAGE][PASSED] - genericFunctions.Utilities.waitForObjectToBeVisible is PASSED

2021-02-19 15:52:18 - [TEST_STEP][PASSED] - genericFunctions.Utilities.waitForObjectToBeVisible(findTestObject("1_Actions_AppSpecific/2_Content Studio/1_Action_Common/1_Login-Page/button_Sign In")): genericFunctions.Utilities.waitForObjectToBeVisible is PASSED

2021-02-19 15:52:18 - [MESSAGE][INFO] - Attempt 1 - Katalon's visibility check for Test Object "Object Repository/1_Actions_AppSpecific/2_Content Studio/1_Action_Common/1_Login-Page/button_Sign In".

2021-02-19 15:52:20 - [MESSAGE][PASSED] - Object 'Object Repository/1_Actions_AppSpecific/2_Content Studio/1_Action_Common/1_Login-Page/button_Sign In' is visible

2021-02-19 15:52:20 - [MESSAGE][PASSED] - genericFunctions.Utilities.waitForObjectToBeVisible is PASSED

2021-02-19 15:52:20 - [TEST_STEP][PASSED] - setText(findTestObject("1_Actions_AppSpecific/2_Content Studio/1_Action_Common/1_Login-Page/input_Email (required)_email"), userEmail, STOP_ON_FAILURE): Text 'dogendra.thakur@2020spaces.com' is set on object 'Object Repository/1_Actions_AppSpecific/2_Content Studio/1_Action_Common/1_Login-Page/input_Email (required)_email'

2021-02-19 15:52:20 - [MESSAGE][PASSED] - Text 'dogendra.thakur@2020spaces.com' is set on object 'Object Repository/1_Actions_AppSpecific/2_Content Studio/1_Action_Common/1_Login-Page/input_Email (required)_email'

2021-02-19 15:52:20 - [TEST_STEP][PASSED] - setText(findTestObject("1_Actions_AppSpecific/2_Content Studio/1_Action_Common/1_Login-Page/input_Password (required)_password"), Password, STOP_ON_FAILURE): Text 'Welcome1' is set on object 'Object Repository/1_Actions_AppSpecific/2_Content Studio/1_Action_Common/1_Login-Page/input_Password (required)_password'

2021-02-19 15:52:21 - [MESSAGE][PASSED] - Text 'Welcome1' is set on object 'Object Repository/1_Actions_AppSpecific/2_Content Studio/1_Action_Common/1_Login-Page/input_Password (required)_password'

2021-02-19 15:52:21 - [TEST_STEP][PASSED] - click(findTestObject("1_Actions_AppSpecific/2_Content Studio/1_Action_Common/1_Login-Page/button_Sign In"), CONTINUE_ON_FAILURE): Object: 'Object Repository/1_Actions_AppSpecific/2_Content Studio/1_Action_Common/1_Login-Page/button_Sign In' is clicked on

2021-02-19 15:52:21 - [MESSAGE][PASSED] - Object: 'Object Repository/1_Actions_AppSpecific/2_Content Studio/1_Action_Common/1_Login-Page/button_Sign In' is clicked on

2021-02-19 15:52:21 - [TEST_STEP][PASSED] - genericFunctions.Utilities.waitForObjectToBeClickable(findTestObject("1_Actions_AppSpecific/2_Content Studio/1_Action_Common/3_User/a_logout_navbarDropdown")): genericFunctions.Utilities.waitForObjectToBeClickable is PASSED

2021-02-19 15:52:21 - [MESSAGE][INFO] - Clickability Attempt 1 - Katalon's clickability check for Test Object "Object Repository/1_Actions_AppSpecific/2_Content Studio/1_Action_Common/3_User/a_logout_navbarDropdown".

2021-02-19 15:52:25 - [MESSAGE][PASSED] - Object 'Object Repository/1_Actions_AppSpecific/2_Content Studio/1_Action_Common/3_User/a_logout_navbarDropdown' is clickable

2021-02-19 15:52:25 - [MESSAGE][PASSED] - genericFunctions.Utilities.waitForObjectToBeClickable is PASSED

2021-02-19 15:52:25 - [MESSAGE][PASSED] - Call Test Case 'Test Cases/1_Actions_AppSpecific/2_Content Studio/1_Action_Common/1_Login-Page/LoginToCS' successfully

2021-02-19 15:52:25 - [TEST_STEP][PASSED] - Start listener action : sampleAfterTestCase: genericFunctions.DataProcessing.customReportGeneration is PASSED

2021-02-19 15:52:25 - [TEST_STEP][PASSED] - aEAPIConsumption = new appSpecificFunctions.AEAPIConsumption(): null

2021-02-19 15:52:25 - [TEST_STEP][PASSED] - aEAPIConsumption.setCatalogCodeAndVersionInGlobalVariables(): null

2021-02-19 15:52:25 - [TEST_STEP][PASSED] - aEAPIConsumption.setAppDetailsInGlobalVariables(): null

2021-02-19 15:52:25 - [TEST_STEP][PASSED] - fullTestName = testCaseContext.getTestCaseId(): null

2021-02-19 15:52:25 - [TEST_STEP][PASSED] - testName = fullTestName.substring(fullTestName.lastIndexOf("/") + 1): null

2021-02-19 15:52:25 - [TEST_STEP][PASSED] - if (fullTestName.contains("0_EnvInfo") == false): null

2021-02-19 15:52:25 - [TEST_STEP][PASSED] - currentTestCase = testName.substring(0, testName.indexOf("-")): null

2021-02-19 15:52:25 - [TEST_STEP][PASSED] - currentTestCase = currentTestCase.replaceAll(" ", ""): null

2021-02-19 15:52:25 - [TEST_STEP][PASSED] - currentTestCaseID = currentTestCase: null

2021-02-19 15:52:25 - [TEST_STEP][PASSED] - localMap = new java.util.HashMap(): null

2021-02-19 15:52:25 - [TEST_STEP][PASSED] - localMap.clear(): null

2021-02-19 15:52:25 - [TEST_STEP][PASSED] - localMap.put("status", getTestCaseStatus().toString()): null

2021-02-19 15:52:25 - [TEST_STEP][PASSED] - try: null

2021-02-19 15:52:25 - [TEST_STEP][PASSED] - manualVerificationNeeded = getTestCaseVariables().get("manualVerificationNeeded"): null

2021-02-19 15:52:25 - [TEST_STEP][PASSED] - println("manualVerificationNeeded : " + manualVerificationNeeded): null

2021-02-19 15:52:25 - [TEST_STEP][PASSED] - if (manualVerificationNeeded.equalsIgnoreCase("true")): null

2021-02-19 15:52:25 - [TEST_STEP][PASSED] - catch (Exception e): null

2021-02-19 15:52:25 - [TEST_STEP][PASSED] - localMap.put("manualVerificationNeeded", "false"): null

2021-02-19 15:52:25 - [TEST_STEP][PASSED] - if (currentTestCaseSkippedStatus.equals("true")): null

2021-02-19 15:52:25 - [TEST_STEP][PASSED] - else: null

2021-02-19 15:52:25 - [TEST_STEP][PASSED] - localMap.put("testCaseSkipped", "false"): null

2021-02-19 15:52:25 - [TEST_STEP][PASSED] - testCasesListWithStatus.put(currentTestCase, localMap): null

2021-02-19 15:52:25 - [TEST_STEP][PASSED] - skipReason = "": null

2021-02-19 15:52:25 - [TEST_STEP][PASSED] - if (currentTestCaseSkippedStatus.equals("true")): null

2021-02-19 15:52:25 - [TEST_STEP][PASSED] - else: null

2021-02-19 15:52:25 - [TEST_STEP][PASSED] - testCasesList.add(currentTestCaseID): null

2021-02-19 15:52:25 - [TEST_STEP][PASSED] - if (testCaseContext.isSkipped() == false): genericFunctions.EnvironmentSetup.nextTestCaseIdInTsSuiteFile is PASSED

2021-02-19 15:52:25 - [TEST_STEP][PASSED] - if (getTestCaseStatus().equalsIgnoreCase("passed") == false): null

2021-02-19 15:52:25 - [TEST_STEP][PASSED] - if (getTestCaseVariables().containsKey("captureNetworkTraffic")): null

2021-02-19 15:52:25 - [TEST_STEP][PASSED] - if (toString().equals("false") && getTestCaseVariables().containsKey("useBrowserSessionOfThisTestForNextTest")): null

2021-02-19 15:52:25 - [TEST_STEP][PASSED] - else: genericFunctions.EnvironmentSetup.terminateOpenWebDriversManually is PASSED

2021-02-19 15:52:25 - [TEST_STEP][PASSED] - genericFunctions.EnvironmentSetup.terminateOpenWebDriversManually(): genericFunctions.EnvironmentSetup.terminateOpenWebDriversManually is PASSED

2021-02-19 15:52:26 - [MESSAGE][PASSED] - genericFunctions.EnvironmentSetup.terminateOpenWebDriversManually is PASSED

2021-02-19 15:52:26 - [TEST_STEP][PASSED] - if (executionSource.contains(".tc") == false): genericFunctions.EnvironmentSetup.nextTestCaseIdInTsSuiteFile is PASSED

2021-02-19 15:52:26 - [TEST_STEP][PASSED] - genericFunctions.EnvironmentSetup.nextTestCaseIdInTsSuiteFile(fullSuiteName): genericFunctions.EnvironmentSetup.nextTestCaseIdInTsSuiteFile is PASSED

2021-02-19 15:52:26 - [MESSAGE][PASSED] - genericFunctions.EnvironmentSetup.nextTestCaseIdInTsSuiteFile is PASSED

2021-02-19 15:52:26 - [TEST_STEP][PASSED] - skipReason = "": null

2021-02-19 15:52:26 - [TEST_STEP][PASSED] - if (currentTestCaseSkippedStatus.equals("true")): null

2021-02-19 15:52:26 - [TEST_STEP][PASSED] - genericFunctions.DataProcessing.customReportGeneration(mapTcProps, suiteName, testName, testCaseContext, skipReason, subErrorEntity): genericFunctions.DataProcessing.customReportGeneration is PASSED

2021-02-19 15:52:27 - [MESSAGE][PASSED] - genericFunctions.DataProcessing.customReportGeneration is PASSED]]></system-out>
         <system-err><![CDATA[]]></system-err>
      </testcase>
      <testcase name="Test Cases/2_TestCases/2_Content Studio/Publisher/294266 - Create a new Catalog" time="79.678" classname="Test Cases/2_TestCases/2_Content Studio/Publisher/294266 - Create a new Catalog" status="PASSED">
         <system-out><![CDATA[2021-02-19 15:52:27 - [TEST_CASE][PASSED] - Test Cases/2_TestCases/2_Content Studio/Publisher/294266 - Create a new Catalog: Test Cases/2_TestCases/2_Content Studio/Publisher/294266 - Create a new Catalog

2021-02-19 15:52:27 - [TEST_STEP][PASSED] - Start listener action : sampleBeforeTestCase: genericFunctions.DataProcessing.getTestInputValueFromExcelDataJsonString is PASSED

2021-02-19 15:52:27 - [TEST_STEP][PASSED] - mapTcProps.clear(): null

2021-02-19 15:52:27 - [TEST_STEP][PASSED] - if (executionSource.contains(".tc")): null

2021-02-19 15:52:27 - [TEST_STEP][PASSED] - currentTestCaseSkippedStatus = null: null

2021-02-19 15:52:27 - [TEST_STEP][PASSED] - currentTestCaseNonSupportedEnvironments = null: null

2021-02-19 15:52:27 - [TEST_STEP][PASSED] - currentTestCaseCaptureNetworkTraffic = null: null

2021-02-19 15:52:27 - [TEST_STEP][PASSED] - anyWebDriverSessionOpen = null: null

2021-02-19 15:52:27 - [TEST_STEP][PASSED] - currentTestCaseImgCheckSuccess = null: null

2021-02-19 15:52:27 - [TEST_STEP][PASSED] - envInfo.put("fetchURL", ""): null

2021-02-19 15:52:27 - [TEST_STEP][PASSED] - envInfo.put("privacyPolicyMessageResponded", false): null

2021-02-19 15:52:27 - [TEST_STEP][PASSED] - fullTestName = testCaseContext.getTestCaseId(): null

2021-02-19 15:52:27 - [TEST_STEP][PASSED] - if (fullTestName.contains("0_EnvInfo") == false): null

2021-02-19 15:52:27 - [TEST_STEP][PASSED] - testName = fullTestName.substring(fullTestName.lastIndexOf("/") + 1): null

2021-02-19 15:52:27 - [TEST_STEP][PASSED] - currentTestCase = testName.substring(0, testName.indexOf("-")): null

2021-02-19 15:52:27 - [TEST_STEP][PASSED] - currentTestCase = currentTestCase.replaceAll(" ", ""): null

2021-02-19 15:52:27 - [TEST_STEP][PASSED] - currentTestCaseID = currentTestCase: null

2021-02-19 15:52:27 - [TEST_STEP][PASSED] - try: null

2021-02-19 15:52:27 - [TEST_STEP][PASSED] - if (toString().contains("(null)") == false): null

2021-02-19 15:52:27 - [TEST_STEP][PASSED] - catch (Exception BrowserNotOpenedException): null

2021-02-19 15:52:27 - [TEST_STEP][PASSED] - anyWebDriverSessionOpen = "false": null

2021-02-19 15:52:27 - [TEST_STEP][PASSED] - if (getTestCaseVariables().containsKey("captureNetworkTraffic")): null

2021-02-19 15:52:27 - [TEST_STEP][PASSED] - if (getTestCaseVariables().containsKey("nonSupportedEnvironments")): null

2021-02-19 15:52:27 - [TEST_STEP][PASSED] - testCaseToBeSkipped = false: null

2021-02-19 15:52:27 - [TEST_STEP][PASSED] - tfsWebServices.setTfsIntegrationPropertiesFilePath("./External Libraries/tfsIntegration.properties"): null

2021-02-19 15:52:27 - [TEST_STEP][PASSED] - tfsWebServices.setTfsIntegrationTempPropertiesFilePath("./External Libraries/tfsIntegrationTemp/tfsIntegrationTemp_" + suiteName + ".properties"): null

2021-02-19 15:52:27 - [TEST_STEP][PASSED] - workItemDetails = tfsWebServices.getWorkItemDetails(currentTestCaseID): null

2021-02-19 15:52:28 - [TEST_STEP][PASSED] - if (workItemDetails == null): null

2021-02-19 15:52:28 - [TEST_STEP][PASSED] - sleep(3000): null

2021-02-19 15:52:31 - [TEST_STEP][PASSED] - workItemDetails = tfsWebServices.getWorkItemDetails(currentTestCaseID): null

2021-02-19 15:52:33 - [TEST_STEP][PASSED] - if (workItemDetails != null): null

2021-02-19 15:52:33 - [TEST_STEP][PASSED] - else: null

2021-02-19 15:52:33 - [TEST_STEP][PASSED] - mapTcProps.put("Microsoft.VSTS.Common.Priority", "Couldn't retrieve (VSTS token may be missing OR Temporary issue)"): null

2021-02-19 15:52:33 - [TEST_STEP][PASSED] - mapTcProps.put("Technologies2020.Common.Automation", "Couldn't retrieve (VSTS token may be missing OR Temporary issue)"): null

2021-02-19 15:52:33 - [TEST_STEP][PASSED] - mapTcProps.put("System.State", "Couldn't retrieve (VSTS token may be missing OR Temporary issue)"): null

2021-02-19 15:52:33 - [TEST_STEP][PASSED] - if (executionSource.contains(".tc") == false): null

2021-02-19 15:52:33 - [TEST_STEP][PASSED] - if (testCaseToBeSkipped == false && workItemDetails != null): null

2021-02-19 15:52:33 - [TEST_STEP][PASSED] - if (testCaseToBeSkipped == false): null

2021-02-19 15:52:33 - [TEST_STEP][PASSED] - if (State").equals("Closed")): null

2021-02-19 15:52:33 - [TEST_STEP][PASSED] - else if (Automation").equals("Yes") == false && Automation").contains("Couldn't retrieve") == false): null

2021-02-19 15:52:33 - [TEST_STEP][PASSED] - else: null

2021-02-19 15:52:33 - [TEST_STEP][PASSED] - testCaseToBeSkipped = mapTcAndReason.containsKey(currentTestCaseID): null

2021-02-19 15:52:33 - [TEST_STEP][PASSED] - if (mapTcAndReason.containsKey(currentTestCaseID)): null

2021-02-19 15:52:33 - [TEST_STEP][PASSED] - if (testCaseToBeSkipped == true): null

2021-02-19 15:52:33 - [TEST_STEP][PASSED] - nonSupportedEnv_ = genericFunctions.DataProcessing.getTestInputValueFromExcelDataJsonString("FlagsForNonSupportedEnvJson", "Combination(s)"): genericFunctions.DataProcessing.getTestInputValueFromExcelDataJsonString is PASSED

2021-02-19 15:52:33 - [MESSAGE][INFO] - 

2021-02-19 15:52:33 - [MESSAGE][PASSED] - genericFunctions.DataProcessing.getTestInputValueFromExcelDataJsonString is PASSED

2021-02-19 15:52:33 - [TEST_STEP][PASSED] - callTestCase(findTestCase("1_Actions_AppSpecific/2_Content Studio/1_Action_Common/1_Login-Page/LoginToCS"), ["userEmail":genericFunctions.DataProcessing.readTestDataFromExcelFile(currentTestCaseID, "UserEmail"), "Password":genericFunctions.DataProcessing.readTestDataFromExcelFile(currentTestCaseID, "Password")], STOP_ON_FAILURE): Call Test Case 'Test Cases/1_Actions_AppSpecific/2_Content Studio/1_Action_Common/1_Login-Page/LoginToCS' successfully

2021-02-19 15:52:33 - [MESSAGE][PASSED] - genericFunctions.DataProcessing.readTestDataFromExcelFile is PASSED

2021-02-19 15:52:33 - [MESSAGE][PASSED] - genericFunctions.DataProcessing.readTestDataFromExcelFile is PASSED

2021-02-19 15:52:33 - [TEST_CASE][PASSED] - Test Cases/1_Actions_AppSpecific/2_Content Studio/1_Action_Common/1_Login-Page/LoginToCS: Test Cases/1_Actions_AppSpecific/2_Content Studio/1_Action_Common/1_Login-Page/LoginToCS

2021-02-19 15:52:33 - [TEST_STEP][PASSED] - callTestCase(findTestCase("0_Actions_General/appendFlagsToBaseUrlAndLaunch"), ["flagCombination":"<doNotAppendAnything>", "relaunchBrowser":true, "skipPrivacyPolicyMessage":true], STOP_ON_FAILURE): Call Test Case 'Test Cases/0_Actions_General/appendFlagsToBaseUrlAndLaunch' successfully

2021-02-19 15:52:33 - [TEST_CASE][PASSED] - Test Cases/0_Actions_General/appendFlagsToBaseUrlAndLaunch: Test Cases/0_Actions_General/appendFlagsToBaseUrlAndLaunch

2021-02-19 15:52:33 - [TEST_STEP][PASSED] - if (currentTestCaseSkippedStatus.equals("true")): null

2021-02-19 15:52:33 - [TEST_STEP][PASSED] - if (flagCombination.equals("<doNotAppendAnything>") == false): null

2021-02-19 15:52:33 - [TEST_STEP][PASSED] - else: Call Test Case 'Test Cases/0_Actions_General/goToUrl' successfully

2021-02-19 15:52:33 - [TEST_STEP][PASSED] - callTestCase(findTestCase("0_Actions_General/goToUrl"), ["skipPrivacyPolicyMessage":skipPrivacyPolicyMessage], STOP_ON_FAILURE): Call Test Case 'Test Cases/0_Actions_General/goToUrl' successfully

2021-02-19 15:52:33 - [TEST_CASE][PASSED] - Test Cases/0_Actions_General/goToUrl: Test Cases/0_Actions_General/goToUrl

2021-02-19 15:52:33 - [TEST_STEP][PASSED] - genericFunctions.EnvironmentSetup.setupForBrowserWithRespectToProxy(): genericFunctions.EnvironmentSetup.setupForBrowserWithRespectToProxy is PASSED

2021-02-19 15:52:33 - [MESSAGE][PASSED] - genericFunctions.EnvironmentSetup.setupForBrowserWithRespectToProxy is PASSED

2021-02-19 15:52:33 - [TEST_STEP][PASSED] - url = "": null

2021-02-19 15:52:33 - [TEST_STEP][PASSED] - if (!(toString().contentEquals(""))): null

2021-02-19 15:52:33 - [TEST_STEP][PASSED] - else: null

2021-02-19 15:52:33 - [TEST_STEP][PASSED] - url = URL: null

2021-02-19 15:52:33 - [TEST_STEP][PASSED] - if (currentTestCaseCaptureNetworkTraffic == null && chromeBetaToUsedOnWindowsExecution.equals("false")): Browser is opened with url: ''

2021-02-19 15:52:33 - [TEST_STEP][PASSED] - openBrowser(""): Browser is opened with url: ''

2021-02-19 15:52:33 - [MESSAGE][INFO] - Starting 'Chrome' driver

2021-02-19 15:52:33 - [MESSAGE][INFO] - User set preference: ['args', '[enable-features=ReducedReferrerGranularity, disable-features=IntensiveWakeUpThrottling,CalculateNativeWinOcclusion]']

2021-02-19 15:52:33 - [MESSAGE][INFO] - Action delay is set to 0 milliseconds

2021-02-19 15:52:34 - [MESSAGE][PASSED] - Browser is opened with url: ''

2021-02-19 15:52:34 - [TEST_STEP][PASSED] - if (get("browserName").equals("chrome") && toString().equalsIgnoreCase("null") && executionProfile.contains("KSI Kitchens (Gen Imperial)") || executionProfile.contains("Content Generic Metric") || executionProfile.contains("Der Kreis (Gen Metric)") || executionProfile.contains("Aviva (Nobilia)")): null

2021-02-19 15:52:34 - [TEST_STEP][PASSED] - maximizeWindow(): Current window maximized

2021-02-19 15:52:34 - [MESSAGE][PASSED] - Current window maximized

2021-02-19 15:52:34 - [TEST_STEP][PASSED] - envInfo.put("browserVersion", getBrowserNameAndVersion().get("browserVersion")): genericFunctions.EnvironmentSetup.getBrowserNameAndVersion is PASSED

2021-02-19 15:52:34 - [MESSAGE][PASSED] - genericFunctions.EnvironmentSetup.getBrowserNameAndVersion is PASSED

2021-02-19 15:52:34 - [TEST_STEP][PASSED] - if (get("browserName").equals("chrome")): genericFunctions.EnvironmentSetup.triggerChromeComponentsUpdate is PASSED

2021-02-19 15:52:34 - [TEST_STEP][PASSED] - genericFunctions.EnvironmentSetup.triggerChromeComponentsUpdate(): genericFunctions.EnvironmentSetup.triggerChromeComponentsUpdate is PASSED

2021-02-19 15:52:35 - [MESSAGE][PASSED] - genericFunctions.EnvironmentSetup.triggerChromeComponentsUpdate is PASSED

2021-02-19 15:52:35 - [TEST_STEP][PASSED] - appDetails = "": null

2021-02-19 15:52:35 - [TEST_STEP][PASSED] - println(useUrlFromPlatformLauncherOverUrlFromSpreadsheet): null

2021-02-19 15:52:35 - [TEST_STEP][PASSED] - if (toString().equals("true")): null

2021-02-19 15:52:35 - [TEST_STEP][PASSED] - if (toString().isEmpty()): null

2021-02-19 15:52:35 - [TEST_STEP][PASSED] - else: null

2021-02-19 15:52:35 - [TEST_STEP][PASSED] - getWebDriver().get(url): null

2021-02-19 15:52:35 - [TEST_STEP][PASSED] - if (toString().equals("false")): null

2021-02-19 15:52:35 - [TEST_STEP][PASSED] - if (executionProfile.contains("2020 Metric") || executionProfile.contains("2020 Imperial") || executionProfile.contains("Eggo") || executionProfile.contains("Reform") || executionProfile.contains("Reform Imperial") || executionProfile.contains("Content Generic Metric") || executionProfile.contains("Der Kreis (Gen Metric)") || executionProfile.contains("Aviva (Nobilia)")): null

2021-02-19 15:52:35 - [TEST_STEP][PASSED] - logInfo("Execution Profile : " + executionProfile + "
" + "Launched URL : " + getUrl() + "
" + "App Details : " + appDetails + "
" + "Launcher Flags : " + launcherFlagsToggle): Execution Profile : Content Studio_1
Launched URL : https://contentstudio-qat.2020-platform.net/index.html
App Details : 
Launcher Flags : [customerAppsEnabled:false]

2021-02-19 15:52:35 - [MESSAGE][PASSED] - Current window's url is: 'https://contentstudio-qat.2020-platform.net/index.html'

2021-02-19 15:52:35 - [MESSAGE][INFO] - Execution Profile : Content Studio_1
Launched URL : https://contentstudio-qat.2020-platform.net/index.html
App Details : 
Launcher Flags : [customerAppsEnabled:false]

2021-02-19 15:52:35 - [MESSAGE][PASSED] - Call Test Case 'Test Cases/0_Actions_General/goToUrl' successfully

2021-02-19 15:52:35 - [MESSAGE][PASSED] - Call Test Case 'Test Cases/0_Actions_General/appendFlagsToBaseUrlAndLaunch' successfully

2021-02-19 15:52:35 - [TEST_STEP][PASSED] - genericFunctions.Utilities.waitForObjectToBeVisible(findTestObject("1_Actions_AppSpecific/2_Content Studio/1_Action_Common/1_Login-Page/iframe_ids")): genericFunctions.Utilities.waitForObjectToBeVisible is PASSED

2021-02-19 15:52:35 - [MESSAGE][INFO] - Attempt 1 - Katalon's visibility check for Test Object "Object Repository/1_Actions_AppSpecific/2_Content Studio/1_Action_Common/1_Login-Page/iframe_ids".

2021-02-19 15:52:42 - [MESSAGE][PASSED] - Object 'Object Repository/1_Actions_AppSpecific/2_Content Studio/1_Action_Common/1_Login-Page/iframe_ids' is visible

2021-02-19 15:52:42 - [MESSAGE][PASSED] - genericFunctions.Utilities.waitForObjectToBeVisible is PASSED

2021-02-19 15:52:42 - [TEST_STEP][PASSED] - genericFunctions.Utilities.waitForObjectToBeVisible(findTestObject("1_Actions_AppSpecific/2_Content Studio/1_Action_Common/1_Login-Page/button_Sign In")): genericFunctions.Utilities.waitForObjectToBeVisible is PASSED

2021-02-19 15:52:42 - [MESSAGE][INFO] - Attempt 1 - Katalon's visibility check for Test Object "Object Repository/1_Actions_AppSpecific/2_Content Studio/1_Action_Common/1_Login-Page/button_Sign In".

2021-02-19 15:52:43 - [MESSAGE][PASSED] - Object 'Object Repository/1_Actions_AppSpecific/2_Content Studio/1_Action_Common/1_Login-Page/button_Sign In' is visible

2021-02-19 15:52:43 - [MESSAGE][PASSED] - genericFunctions.Utilities.waitForObjectToBeVisible is PASSED

2021-02-19 15:52:43 - [TEST_STEP][PASSED] - setText(findTestObject("1_Actions_AppSpecific/2_Content Studio/1_Action_Common/1_Login-Page/input_Email (required)_email"), userEmail, STOP_ON_FAILURE): Text 'dogendra.thakur@2020spaces.com' is set on object 'Object Repository/1_Actions_AppSpecific/2_Content Studio/1_Action_Common/1_Login-Page/input_Email (required)_email'

2021-02-19 15:52:44 - [MESSAGE][PASSED] - Text 'dogendra.thakur@2020spaces.com' is set on object 'Object Repository/1_Actions_AppSpecific/2_Content Studio/1_Action_Common/1_Login-Page/input_Email (required)_email'

2021-02-19 15:52:44 - [TEST_STEP][PASSED] - setText(findTestObject("1_Actions_AppSpecific/2_Content Studio/1_Action_Common/1_Login-Page/input_Password (required)_password"), Password, STOP_ON_FAILURE): Text 'Welcome1' is set on object 'Object Repository/1_Actions_AppSpecific/2_Content Studio/1_Action_Common/1_Login-Page/input_Password (required)_password'

2021-02-19 15:52:44 - [MESSAGE][PASSED] - Text 'Welcome1' is set on object 'Object Repository/1_Actions_AppSpecific/2_Content Studio/1_Action_Common/1_Login-Page/input_Password (required)_password'

2021-02-19 15:52:44 - [TEST_STEP][PASSED] - click(findTestObject("1_Actions_AppSpecific/2_Content Studio/1_Action_Common/1_Login-Page/button_Sign In"), CONTINUE_ON_FAILURE): Object: 'Object Repository/1_Actions_AppSpecific/2_Content Studio/1_Action_Common/1_Login-Page/button_Sign In' is clicked on

2021-02-19 15:52:44 - [MESSAGE][PASSED] - Object: 'Object Repository/1_Actions_AppSpecific/2_Content Studio/1_Action_Common/1_Login-Page/button_Sign In' is clicked on

2021-02-19 15:52:44 - [TEST_STEP][PASSED] - genericFunctions.Utilities.waitForObjectToBeClickable(findTestObject("1_Actions_AppSpecific/2_Content Studio/1_Action_Common/3_User/a_logout_navbarDropdown")): genericFunctions.Utilities.waitForObjectToBeClickable is PASSED

2021-02-19 15:52:44 - [MESSAGE][INFO] - Clickability Attempt 1 - Katalon's clickability check for Test Object "Object Repository/1_Actions_AppSpecific/2_Content Studio/1_Action_Common/3_User/a_logout_navbarDropdown".

2021-02-19 15:52:48 - [MESSAGE][PASSED] - Object 'Object Repository/1_Actions_AppSpecific/2_Content Studio/1_Action_Common/3_User/a_logout_navbarDropdown' is clickable

2021-02-19 15:52:48 - [MESSAGE][PASSED] - genericFunctions.Utilities.waitForObjectToBeClickable is PASSED

2021-02-19 15:52:48 - [MESSAGE][PASSED] - Call Test Case 'Test Cases/1_Actions_AppSpecific/2_Content Studio/1_Action_Common/1_Login-Page/LoginToCS' successfully

2021-02-19 15:52:48 - [TEST_STEP][PASSED] - delay(5): Delayed 5 second(s)

2021-02-19 15:52:53 - [MESSAGE][PASSED] - Delayed 5 second(s)

2021-02-19 15:52:53 - [TEST_STEP][PASSED] - callTestCase(findTestCase("1_Actions_AppSpecific/2_Content Studio/1_Action_Common/2_Company Selection/select_Company"), ["CompanyName":genericFunctions.DataProcessing.readTestDataFromExcelFile(currentTestCaseID, "CompanyName")], STOP_ON_FAILURE): Call Test Case 'Test Cases/1_Actions_AppSpecific/2_Content Studio/1_Action_Common/2_Company Selection/select_Company' successfully

2021-02-19 15:52:53 - [MESSAGE][PASSED] - genericFunctions.DataProcessing.readTestDataFromExcelFile is PASSED

2021-02-19 15:52:53 - [TEST_CASE][PASSED] - Test Cases/1_Actions_AppSpecific/2_Content Studio/1_Action_Common/2_Company Selection/select_Company: Test Cases/1_Actions_AppSpecific/2_Content Studio/1_Action_Common/2_Company Selection/select_Company

2021-02-19 15:52:53 - [TEST_STEP][PASSED] - delay(3): Delayed 3 second(s)

2021-02-19 15:52:56 - [MESSAGE][PASSED] - Delayed 3 second(s)

2021-02-19 15:52:56 - [TEST_STEP][PASSED] - genericFunctions.Assertions.assertTestObjectIsClickable(findTestObject("1_Actions_AppSpecific/2_Content Studio/1_Action_Common/2_Company Selection/select_company")): genericFunctions.Assertions.assertTestObjectIsClickable is PASSED

2021-02-19 15:52:56 - [MESSAGE][PASSED] - Object 'Object Repository/1_Actions_AppSpecific/2_Content Studio/1_Action_Common/2_Company Selection/select_company' is clickable

2021-02-19 15:52:56 - [MESSAGE][PASSED] - genericFunctions.Assertions.assertTestObjectIsClickable is PASSED

2021-02-19 15:52:56 - [TEST_STEP][PASSED] - delay(1): Delayed 1 second(s)

2021-02-19 15:52:57 - [MESSAGE][PASSED] - Delayed 1 second(s)

2021-02-19 15:52:57 - [TEST_STEP][PASSED] - selectOptionByLabel(findTestObject("1_Actions_AppSpecific/2_Content Studio/1_Action_Common/2_Company Selection/select_company"), CompanyName, true): All options with label 'Test2020 New' are selected in object 'Object Repository/1_Actions_AppSpecific/2_Content Studio/1_Action_Common/2_Company Selection/select_company'  using regular expression

2021-02-19 15:52:59 - [MESSAGE][PASSED] - All options with label 'Test2020 New' are selected in object 'Object Repository/1_Actions_AppSpecific/2_Content Studio/1_Action_Common/2_Company Selection/select_company'  using regular expression

2021-02-19 15:52:59 - [TEST_STEP][PASSED] - delay(3): Delayed 3 second(s)

2021-02-19 15:53:02 - [MESSAGE][PASSED] - Delayed 3 second(s)

2021-02-19 15:53:02 - [MESSAGE][PASSED] - Call Test Case 'Test Cases/1_Actions_AppSpecific/2_Content Studio/1_Action_Common/2_Company Selection/select_Company' successfully

2021-02-19 15:53:02 - [TEST_STEP][PASSED] - callTestCase(findTestCase("1_Actions_AppSpecific/2_Content Studio/3_Publisher/Click_Publisher"), [:], STOP_ON_FAILURE): Call Test Case 'Test Cases/1_Actions_AppSpecific/2_Content Studio/3_Publisher/Click_Publisher' successfully

2021-02-19 15:53:02 - [TEST_CASE][PASSED] - Test Cases/1_Actions_AppSpecific/2_Content Studio/3_Publisher/Click_Publisher: Test Cases/1_Actions_AppSpecific/2_Content Studio/3_Publisher/Click_Publisher

2021-02-19 15:53:02 - [TEST_STEP][PASSED] - delay(2): Delayed 2 second(s)

2021-02-19 15:53:04 - [MESSAGE][PASSED] - Delayed 2 second(s)

2021-02-19 15:53:04 - [TEST_STEP][PASSED] - genericFunctions.Utilities.waitForObjectToBeClickableAndClick(findTestObject("Object Repository/1_Actions_AppSpecific/2_Content Studio/3_Publisher/a_Publishing")): genericFunctions.Utilities.waitForObjectToBeClickableAndClick is PASSED

2021-02-19 15:53:04 - [MESSAGE][INFO] - Clickability Attempt 1 - Katalon's clickability check for Test Object "Object Repository/1_Actions_AppSpecific/2_Content Studio/3_Publisher/a_Publishing".

2021-02-19 15:53:04 - [MESSAGE][PASSED] - Object 'Object Repository/1_Actions_AppSpecific/2_Content Studio/3_Publisher/a_Publishing' is clickable

2021-02-19 15:53:04 - [MESSAGE][INFO] - ------------------------------

2021-02-19 15:53:04 - [MESSAGE][INFO] - Actual Click Attempt 1 - Katalon's click attempt for Test Object "Object Repository/1_Actions_AppSpecific/2_Content Studio/3_Publisher/a_Publishing".

2021-02-19 15:53:04 - [MESSAGE][PASSED] - Object: 'Object Repository/1_Actions_AppSpecific/2_Content Studio/3_Publisher/a_Publishing' is clicked on

2021-02-19 15:53:04 - [MESSAGE][PASSED] - genericFunctions.Utilities.waitForObjectToBeClickableAndClick is PASSED

2021-02-19 15:53:04 - [TEST_STEP][PASSED] - delay(2): Delayed 2 second(s)

2021-02-19 15:53:06 - [MESSAGE][PASSED] - Delayed 2 second(s)

2021-02-19 15:53:06 - [TEST_STEP][PASSED] - genericFunctions.Utilities.waitForObjectToBeClickable(findTestObject("Object Repository/1_Actions_AppSpecific/2_Content Studio/3_Publisher/button_New")): genericFunctions.Utilities.waitForObjectToBeClickable is PASSED

2021-02-19 15:53:06 - [MESSAGE][INFO] - Clickability Attempt 1 - Katalon's clickability check for Test Object "Object Repository/1_Actions_AppSpecific/2_Content Studio/3_Publisher/button_New".

2021-02-19 15:53:06 - [MESSAGE][PASSED] - Object 'Object Repository/1_Actions_AppSpecific/2_Content Studio/3_Publisher/button_New' is clickable

2021-02-19 15:53:06 - [MESSAGE][PASSED] - genericFunctions.Utilities.waitForObjectToBeClickable is PASSED

2021-02-19 15:53:06 - [MESSAGE][PASSED] - Call Test Case 'Test Cases/1_Actions_AppSpecific/2_Content Studio/3_Publisher/Click_Publisher' successfully

2021-02-19 15:53:06 - [TEST_STEP][PASSED] - callTestCase(findTestCase("1_Actions_AppSpecific/2_Content Studio/3_Publisher/Catalog_Creation"), [:], STOP_ON_FAILURE): Call Test Case 'Test Cases/1_Actions_AppSpecific/2_Content Studio/3_Publisher/Catalog_Creation' successfully

2021-02-19 15:53:06 - [TEST_CASE][PASSED] - Test Cases/1_Actions_AppSpecific/2_Content Studio/3_Publisher/Catalog_Creation: Test Cases/1_Actions_AppSpecific/2_Content Studio/3_Publisher/Catalog_Creation

2021-02-19 15:53:06 - [TEST_STEP][PASSED] - delay(1): Delayed 1 second(s)

2021-02-19 15:53:07 - [MESSAGE][PASSED] - Delayed 1 second(s)

2021-02-19 15:53:07 - [TEST_STEP][PASSED] - genericFunctions.Utilities.waitForObjectToBeClickableAndClick(findTestObject("Object Repository/1_Actions_AppSpecific/2_Content Studio/3_Publisher/button_New")): genericFunctions.Utilities.waitForObjectToBeClickableAndClick is PASSED

2021-02-19 15:53:07 - [MESSAGE][INFO] - Clickability Attempt 1 - Katalon's clickability check for Test Object "Object Repository/1_Actions_AppSpecific/2_Content Studio/3_Publisher/button_New".

2021-02-19 15:53:07 - [MESSAGE][PASSED] - Object 'Object Repository/1_Actions_AppSpecific/2_Content Studio/3_Publisher/button_New' is clickable

2021-02-19 15:53:07 - [MESSAGE][INFO] - ------------------------------

2021-02-19 15:53:07 - [MESSAGE][INFO] - Actual Click Attempt 1 - Katalon's click attempt for Test Object "Object Repository/1_Actions_AppSpecific/2_Content Studio/3_Publisher/button_New".

2021-02-19 15:53:08 - [MESSAGE][PASSED] - Object: 'Object Repository/1_Actions_AppSpecific/2_Content Studio/3_Publisher/button_New' is clicked on

2021-02-19 15:53:08 - [MESSAGE][PASSED] - genericFunctions.Utilities.waitForObjectToBeClickableAndClick is PASSED

2021-02-19 15:53:08 - [TEST_STEP][PASSED] - delay(1): Delayed 1 second(s)

2021-02-19 15:53:09 - [MESSAGE][PASSED] - Delayed 1 second(s)

2021-02-19 15:53:09 - [TEST_STEP][PASSED] - genericFunctions.DataProcessing.writeToSpecificCellIntoExcel("Data Files\Test-Input.xlsx", "Content Studio_DataSet1", currentTestCaseID, "CatalogName", "CSAuto" + timeStamp): genericFunctions.DataProcessing.writeToSpecificCellIntoExcel is PASSED

2021-02-19 15:53:09 - [MESSAGE][PASSED] - genericFunctions.DataProcessing.writeToSpecificCellIntoExcel is PASSED

2021-02-19 15:53:09 - [TEST_STEP][PASSED] - delay(1): Delayed 1 second(s)

2021-02-19 15:53:10 - [MESSAGE][PASSED] - Delayed 1 second(s)

2021-02-19 15:53:10 - [TEST_STEP][PASSED] - genericFunctions.DataProcessing.writeToSpecificCellIntoExcel("Data Files\Test-Input.xlsx", "Content Studio_DataSet1", currentTestCaseID, "CatalogCode", "CSACC" + timeStamp): genericFunctions.DataProcessing.writeToSpecificCellIntoExcel is PASSED

2021-02-19 15:53:10 - [MESSAGE][PASSED] - genericFunctions.DataProcessing.writeToSpecificCellIntoExcel is PASSED

2021-02-19 15:53:10 - [TEST_STEP][PASSED] - delay(1): Delayed 1 second(s)

2021-02-19 15:53:11 - [MESSAGE][PASSED] - Delayed 1 second(s)

2021-02-19 15:53:11 - [TEST_STEP][PASSED] - setText(findTestObject("1_Actions_AppSpecific/2_Content Studio/3_Publisher/1_New_Catalog/input_Catalog Name"), genericFunctions.DataProcessing.readTestDataFromExcelFile(currentTestCaseID, "CatalogName")): Text 'CSAuto190253' is set on object 'Object Repository/1_Actions_AppSpecific/2_Content Studio/3_Publisher/1_New_Catalog/input_Catalog Name'

2021-02-19 15:53:11 - [MESSAGE][PASSED] - genericFunctions.DataProcessing.readTestDataFromExcelFile is PASSED

2021-02-19 15:53:11 - [MESSAGE][PASSED] - Text 'CSAuto190253' is set on object 'Object Repository/1_Actions_AppSpecific/2_Content Studio/3_Publisher/1_New_Catalog/input_Catalog Name'

2021-02-19 15:53:11 - [TEST_STEP][PASSED] - delay(1): Delayed 1 second(s)

2021-02-19 15:53:12 - [MESSAGE][PASSED] - Delayed 1 second(s)

2021-02-19 15:53:12 - [TEST_STEP][PASSED] - setText(findTestObject("1_Actions_AppSpecific/2_Content Studio/3_Publisher/1_New_Catalog/input_Catalog Code"), genericFunctions.DataProcessing.readTestDataFromExcelFile(currentTestCaseID, "CatalogCode")): Text 'CSACC190253' is set on object 'Object Repository/1_Actions_AppSpecific/2_Content Studio/3_Publisher/1_New_Catalog/input_Catalog Code'

2021-02-19 15:53:12 - [MESSAGE][PASSED] - genericFunctions.DataProcessing.readTestDataFromExcelFile is PASSED

2021-02-19 15:53:12 - [MESSAGE][PASSED] - Text 'CSACC190253' is set on object 'Object Repository/1_Actions_AppSpecific/2_Content Studio/3_Publisher/1_New_Catalog/input_Catalog Code'

2021-02-19 15:53:12 - [TEST_STEP][PASSED] - delay(5): Delayed 5 second(s)

2021-02-19 15:53:17 - [MESSAGE][PASSED] - Delayed 5 second(s)

2021-02-19 15:53:17 - [TEST_STEP][PASSED] - selectOptionByLabel(findTestObject("1_Actions_AppSpecific/2_Content Studio/3_Publisher/1_New_Catalog/select_Select-authoring Company"), genericFunctions.DataProcessing.readTestDataFromExcelFile(currentTestCaseID, "CompanyName"), true): All options with label 'Test2020 New' are selected in object 'Object Repository/1_Actions_AppSpecific/2_Content Studio/3_Publisher/1_New_Catalog/select_Select-authoring Company'  using regular expression

2021-02-19 15:53:17 - [MESSAGE][PASSED] - genericFunctions.DataProcessing.readTestDataFromExcelFile is PASSED

2021-02-19 15:53:18 - [MESSAGE][PASSED] - All options with label 'Test2020 New' are selected in object 'Object Repository/1_Actions_AppSpecific/2_Content Studio/3_Publisher/1_New_Catalog/select_Select-authoring Company'  using regular expression

2021-02-19 15:53:18 - [TEST_STEP][PASSED] - delay(5): Delayed 5 second(s)

2021-02-19 15:53:23 - [MESSAGE][PASSED] - Delayed 5 second(s)

2021-02-19 15:53:23 - [TEST_STEP][PASSED] - selectOptionByLabel(findTestObject("1_Actions_AppSpecific/2_Content Studio/3_Publisher/1_New_Catalog/select_Select Currency"), genericFunctions.DataProcessing.readTestDataFromExcelFile(currentTestCaseID, "Currency1"), false): All options with label 'US Dollar (USD)' are selected in object 'Object Repository/1_Actions_AppSpecific/2_Content Studio/3_Publisher/1_New_Catalog/select_Select Currency' 

2021-02-19 15:53:23 - [MESSAGE][PASSED] - genericFunctions.DataProcessing.readTestDataFromExcelFile is PASSED

2021-02-19 15:53:23 - [MESSAGE][PASSED] - All options with label 'US Dollar (USD)' are selected in object 'Object Repository/1_Actions_AppSpecific/2_Content Studio/3_Publisher/1_New_Catalog/select_Select Currency' 

2021-02-19 15:53:23 - [TEST_STEP][PASSED] - delay(5): Delayed 5 second(s)

2021-02-19 15:53:28 - [MESSAGE][PASSED] - Delayed 5 second(s)

2021-02-19 15:53:28 - [TEST_STEP][PASSED] - selectOptionByLabel(findTestObject("1_Actions_AppSpecific/2_Content Studio/3_Publisher/1_New_Catalog/select_Select Unit"), genericFunctions.DataProcessing.readTestDataFromExcelFile(currentTestCaseID, "UOM1"), true): All options with label 'Metric' are selected in object 'Object Repository/1_Actions_AppSpecific/2_Content Studio/3_Publisher/1_New_Catalog/select_Select Unit'  using regular expression

2021-02-19 15:53:28 - [MESSAGE][PASSED] - genericFunctions.DataProcessing.readTestDataFromExcelFile is PASSED

2021-02-19 15:53:28 - [MESSAGE][PASSED] - All options with label 'Metric' are selected in object 'Object Repository/1_Actions_AppSpecific/2_Content Studio/3_Publisher/1_New_Catalog/select_Select Unit'  using regular expression

2021-02-19 15:53:28 - [TEST_STEP][PASSED] - appSpecificFunctions.PublisherPage.selectEntryFromList(findTestObject("1_Actions_AppSpecific/2_Content Studio/3_Publisher/1_New_Catalog/select_Market"), genericFunctions.DataProcessing.readTestDataFromExcelFile(currentTestCaseID, "Market1")): appSpecificFunctions.PublisherPage.selectEntryFromList is PASSED

2021-02-19 15:53:28 - [MESSAGE][PASSED] - genericFunctions.DataProcessing.readTestDataFromExcelFile is PASSED

2021-02-19 15:53:28 - [MESSAGE][INFO] - No. of Elements 10

2021-02-19 15:53:28 - [MESSAGE][INFO] - .....2020CiC-TT

2021-02-19 15:53:29 - [MESSAGE][PASSED] - appSpecificFunctions.PublisherPage.selectEntryFromList is PASSED

2021-02-19 15:53:29 - [TEST_STEP][PASSED] - appSpecificFunctions.PublisherPage.selectEntryFromList(findTestObject("1_Actions_AppSpecific/2_Content Studio/3_Publisher/1_New_Catalog/select_Language"), genericFunctions.DataProcessing.readTestDataFromExcelFile(currentTestCaseID, "Language1")): appSpecificFunctions.PublisherPage.selectEntryFromList is PASSED

2021-02-19 15:53:29 - [MESSAGE][PASSED] - genericFunctions.DataProcessing.readTestDataFromExcelFile is PASSED

2021-02-19 15:53:29 - [MESSAGE][INFO] - No. of Elements 248

2021-02-19 15:53:30 - [MESSAGE][INFO] - .....English(UnitedStates)

2021-02-19 15:53:31 - [MESSAGE][PASSED] - appSpecificFunctions.PublisherPage.selectEntryFromList is PASSED

2021-02-19 15:53:31 - [TEST_STEP][PASSED] - callTestCase(findTestCase("1_Actions_AppSpecific/2_Content Studio/3_Publisher/1_New_Catalog/Click_OK for Catalog Creation"), [:], STOP_ON_FAILURE): Call Test Case 'Test Cases/1_Actions_AppSpecific/2_Content Studio/3_Publisher/1_New_Catalog/Click_OK for Catalog Creation' successfully

2021-02-19 15:53:31 - [TEST_CASE][PASSED] - Test Cases/1_Actions_AppSpecific/2_Content Studio/3_Publisher/1_New_Catalog/Click_OK for Catalog Creation: Test Cases/1_Actions_AppSpecific/2_Content Studio/3_Publisher/1_New_Catalog/Click_OK for Catalog Creation

2021-02-19 15:53:31 - [TEST_STEP][PASSED] - genericFunctions.Utilities.waitForObjectToBeClickableAndClick(findTestObject("1_Actions_AppSpecific/2_Content Studio/3_Publisher/1_New_Catalog/button_Ok_Cat_Creation")): genericFunctions.Utilities.waitForObjectToBeClickableAndClick is PASSED

2021-02-19 15:53:31 - [MESSAGE][INFO] - Clickability Attempt 1 - Katalon's clickability check for Test Object "Object Repository/1_Actions_AppSpecific/2_Content Studio/3_Publisher/1_New_Catalog/button_Ok_Cat_Creation".

2021-02-19 15:53:31 - [MESSAGE][PASSED] - Object 'Object Repository/1_Actions_AppSpecific/2_Content Studio/3_Publisher/1_New_Catalog/button_Ok_Cat_Creation' is clickable

2021-02-19 15:53:31 - [MESSAGE][INFO] - ------------------------------

2021-02-19 15:53:31 - [MESSAGE][INFO] - Actual Click Attempt 1 - Katalon's click attempt for Test Object "Object Repository/1_Actions_AppSpecific/2_Content Studio/3_Publisher/1_New_Catalog/button_Ok_Cat_Creation".

2021-02-19 15:53:31 - [MESSAGE][PASSED] - Object: 'Object Repository/1_Actions_AppSpecific/2_Content Studio/3_Publisher/1_New_Catalog/button_Ok_Cat_Creation' is clicked on

2021-02-19 15:53:31 - [MESSAGE][PASSED] - genericFunctions.Utilities.waitForObjectToBeClickableAndClick is PASSED

2021-02-19 15:53:31 - [TEST_STEP][PASSED] - delay(minWait): Delayed 5 second(s)

2021-02-19 15:53:36 - [MESSAGE][PASSED] - Delayed 5 second(s)

2021-02-19 15:53:36 - [MESSAGE][PASSED] - Call Test Case 'Test Cases/1_Actions_AppSpecific/2_Content Studio/3_Publisher/1_New_Catalog/Click_OK for Catalog Creation' successfully

2021-02-19 15:53:36 - [MESSAGE][PASSED] - Call Test Case 'Test Cases/1_Actions_AppSpecific/2_Content Studio/3_Publisher/Catalog_Creation' successfully

2021-02-19 15:53:36 - [TEST_STEP][PASSED] - delay(2): Delayed 2 second(s)

2021-02-19 15:53:38 - [MESSAGE][PASSED] - Delayed 2 second(s)

2021-02-19 15:53:38 - [TEST_STEP][PASSED] - callTestCase(findTestCase("1_Actions_AppSpecific/2_Content Studio/3_Publisher/Click_Show Filter"), [:], STOP_ON_FAILURE): Call Test Case 'Test Cases/1_Actions_AppSpecific/2_Content Studio/3_Publisher/Click_Show Filter' successfully

2021-02-19 15:53:38 - [TEST_CASE][PASSED] - Test Cases/1_Actions_AppSpecific/2_Content Studio/3_Publisher/Click_Show Filter: Test Cases/1_Actions_AppSpecific/2_Content Studio/3_Publisher/Click_Show Filter

2021-02-19 15:53:38 - [TEST_STEP][PASSED] - genericFunctions.Utilities.waitForObjectToBeClickableAndClick(findTestObject("Object Repository/1_Actions_AppSpecific/2_Content Studio/3_Publisher/button_Show Filter")): genericFunctions.Utilities.waitForObjectToBeClickableAndClick is PASSED

2021-02-19 15:53:38 - [MESSAGE][INFO] - Clickability Attempt 1 - Katalon's clickability check for Test Object "Object Repository/1_Actions_AppSpecific/2_Content Studio/3_Publisher/button_Show Filter".

2021-02-19 15:53:38 - [MESSAGE][PASSED] - Object 'Object Repository/1_Actions_AppSpecific/2_Content Studio/3_Publisher/button_Show Filter' is clickable

2021-02-19 15:53:38 - [MESSAGE][INFO] - ------------------------------

2021-02-19 15:53:38 - [MESSAGE][INFO] - Actual Click Attempt 1 - Katalon's click attempt for Test Object "Object Repository/1_Actions_AppSpecific/2_Content Studio/3_Publisher/button_Show Filter".

2021-02-19 15:53:38 - [MESSAGE][PASSED] - Object: 'Object Repository/1_Actions_AppSpecific/2_Content Studio/3_Publisher/button_Show Filter' is clicked on

2021-02-19 15:53:38 - [MESSAGE][PASSED] - genericFunctions.Utilities.waitForObjectToBeClickableAndClick is PASSED

2021-02-19 15:53:38 - [TEST_STEP][PASSED] - delay(1): Delayed 1 second(s)

2021-02-19 15:53:39 - [MESSAGE][PASSED] - Delayed 1 second(s)

2021-02-19 15:53:39 - [MESSAGE][PASSED] - Call Test Case 'Test Cases/1_Actions_AppSpecific/2_Content Studio/3_Publisher/Click_Show Filter' successfully

2021-02-19 15:53:39 - [TEST_STEP][PASSED] - delay(2): Delayed 2 second(s)

2021-02-19 15:53:41 - [MESSAGE][PASSED] - Delayed 2 second(s)

2021-02-19 15:53:41 - [TEST_STEP][PASSED] - callTestCase(findTestCase("1_Actions_AppSpecific/2_Content Studio/3_Publisher/Search_Catalog"), ["catalogSearch":genericFunctions.DataProcessing.readTestDataFromExcelFile(currentTestCaseID, "CatalogName")], STOP_ON_FAILURE): Call Test Case 'Test Cases/1_Actions_AppSpecific/2_Content Studio/3_Publisher/Search_Catalog' successfully

2021-02-19 15:53:41 - [MESSAGE][PASSED] - genericFunctions.DataProcessing.readTestDataFromExcelFile is PASSED

2021-02-19 15:53:42 - [TEST_CASE][PASSED] - Test Cases/1_Actions_AppSpecific/2_Content Studio/3_Publisher/Search_Catalog: Test Cases/1_Actions_AppSpecific/2_Content Studio/3_Publisher/Search_Catalog

2021-02-19 15:53:42 - [TEST_STEP][PASSED] - clearText(findTestObject("Object Repository/1_Actions_AppSpecific/2_Content Studio/3_Publisher/input_catalog_search")): Text of object 'Object Repository/1_Actions_AppSpecific/2_Content Studio/3_Publisher/input_catalog_search' is cleared

2021-02-19 15:53:42 - [MESSAGE][PASSED] - Text of object 'Object Repository/1_Actions_AppSpecific/2_Content Studio/3_Publisher/input_catalog_search' is cleared

2021-02-19 15:53:42 - [TEST_STEP][PASSED] - setText(findTestObject("Object Repository/1_Actions_AppSpecific/2_Content Studio/3_Publisher/input_catalog_search"), catalogSearch): Text 'CSAuto190253' is set on object 'Object Repository/1_Actions_AppSpecific/2_Content Studio/3_Publisher/input_catalog_search'

2021-02-19 15:53:42 - [MESSAGE][PASSED] - Text 'CSAuto190253' is set on object 'Object Repository/1_Actions_AppSpecific/2_Content Studio/3_Publisher/input_catalog_search'

2021-02-19 15:53:42 - [MESSAGE][PASSED] - Call Test Case 'Test Cases/1_Actions_AppSpecific/2_Content Studio/3_Publisher/Search_Catalog' successfully

2021-02-19 15:53:42 - [TEST_STEP][PASSED] - delay(3): Delayed 3 second(s)

2021-02-19 15:53:45 - [MESSAGE][PASSED] - Delayed 3 second(s)

2021-02-19 15:53:45 - [TEST_STEP][PASSED] - genericFunctions.Utilities.waitForObjectToBeClickableAndClick(findTestObject("Object Repository/1_Actions_AppSpecific/2_Content Studio/3_Publisher/button_edit_single_catalog")): genericFunctions.Utilities.waitForObjectToBeClickableAndClick is PASSED

2021-02-19 15:53:45 - [MESSAGE][INFO] - Clickability Attempt 1 - Katalon's clickability check for Test Object "Object Repository/1_Actions_AppSpecific/2_Content Studio/3_Publisher/button_edit_single_catalog".

2021-02-19 15:53:45 - [MESSAGE][PASSED] - Object 'Object Repository/1_Actions_AppSpecific/2_Content Studio/3_Publisher/button_edit_single_catalog' is clickable

2021-02-19 15:53:45 - [MESSAGE][INFO] - ------------------------------

2021-02-19 15:53:45 - [MESSAGE][INFO] - Actual Click Attempt 1 - Katalon's click attempt for Test Object "Object Repository/1_Actions_AppSpecific/2_Content Studio/3_Publisher/button_edit_single_catalog".

2021-02-19 15:53:45 - [MESSAGE][PASSED] - Object: 'Object Repository/1_Actions_AppSpecific/2_Content Studio/3_Publisher/button_edit_single_catalog' is clicked on

2021-02-19 15:53:45 - [MESSAGE][PASSED] - genericFunctions.Utilities.waitForObjectToBeClickableAndClick is PASSED

2021-02-19 15:53:45 - [TEST_STEP][PASSED] - Start listener action : sampleAfterTestCase: genericFunctions.DataProcessing.customReportGeneration is PASSED

2021-02-19 15:53:45 - [TEST_STEP][PASSED] - aEAPIConsumption = new appSpecificFunctions.AEAPIConsumption(): null

2021-02-19 15:53:45 - [TEST_STEP][PASSED] - aEAPIConsumption.setCatalogCodeAndVersionInGlobalVariables(): null

2021-02-19 15:53:45 - [TEST_STEP][PASSED] - aEAPIConsumption.setAppDetailsInGlobalVariables(): null

2021-02-19 15:53:45 - [TEST_STEP][PASSED] - fullTestName = testCaseContext.getTestCaseId(): null

2021-02-19 15:53:45 - [TEST_STEP][PASSED] - testName = fullTestName.substring(fullTestName.lastIndexOf("/") + 1): null

2021-02-19 15:53:45 - [TEST_STEP][PASSED] - if (fullTestName.contains("0_EnvInfo") == false): null

2021-02-19 15:53:45 - [TEST_STEP][PASSED] - currentTestCase = testName.substring(0, testName.indexOf("-")): null

2021-02-19 15:53:45 - [TEST_STEP][PASSED] - currentTestCase = currentTestCase.replaceAll(" ", ""): null

2021-02-19 15:53:45 - [TEST_STEP][PASSED] - currentTestCaseID = currentTestCase: null

2021-02-19 15:53:45 - [TEST_STEP][PASSED] - localMap = new java.util.HashMap(): null

2021-02-19 15:53:45 - [TEST_STEP][PASSED] - localMap.clear(): null

2021-02-19 15:53:45 - [TEST_STEP][PASSED] - localMap.put("status", getTestCaseStatus().toString()): null

2021-02-19 15:53:45 - [TEST_STEP][PASSED] - try: null

2021-02-19 15:53:45 - [TEST_STEP][PASSED] - manualVerificationNeeded = getTestCaseVariables().get("manualVerificationNeeded"): null

2021-02-19 15:53:45 - [TEST_STEP][PASSED] - println("manualVerificationNeeded : " + manualVerificationNeeded): null

2021-02-19 15:53:45 - [TEST_STEP][PASSED] - if (manualVerificationNeeded.equalsIgnoreCase("true")): null

2021-02-19 15:53:45 - [TEST_STEP][PASSED] - catch (Exception e): null

2021-02-19 15:53:45 - [TEST_STEP][PASSED] - localMap.put("manualVerificationNeeded", "false"): null

2021-02-19 15:53:45 - [TEST_STEP][PASSED] - if (currentTestCaseSkippedStatus.equals("true")): null

2021-02-19 15:53:45 - [TEST_STEP][PASSED] - else: null

2021-02-19 15:53:45 - [TEST_STEP][PASSED] - localMap.put("testCaseSkipped", "false"): null

2021-02-19 15:53:45 - [TEST_STEP][PASSED] - testCasesListWithStatus.put(currentTestCase, localMap): null

2021-02-19 15:53:45 - [TEST_STEP][PASSED] - skipReason = "": null

2021-02-19 15:53:45 - [TEST_STEP][PASSED] - if (currentTestCaseSkippedStatus.equals("true")): null

2021-02-19 15:53:45 - [TEST_STEP][PASSED] - else: null

2021-02-19 15:53:45 - [TEST_STEP][PASSED] - testCasesList.add(currentTestCaseID): null

2021-02-19 15:53:45 - [TEST_STEP][PASSED] - if (testCaseContext.isSkipped() == false): genericFunctions.EnvironmentSetup.nextTestCaseIdInTsSuiteFile is PASSED

2021-02-19 15:53:45 - [TEST_STEP][PASSED] - if (getTestCaseStatus().equalsIgnoreCase("passed") == false): null

2021-02-19 15:53:45 - [TEST_STEP][PASSED] - if (getTestCaseVariables().containsKey("captureNetworkTraffic")): null

2021-02-19 15:53:45 - [TEST_STEP][PASSED] - if (toString().equals("false") && getTestCaseVariables().containsKey("useBrowserSessionOfThisTestForNextTest")): null

2021-02-19 15:53:45 - [TEST_STEP][PASSED] - else: genericFunctions.EnvironmentSetup.terminateOpenWebDriversManually is PASSED

2021-02-19 15:53:45 - [TEST_STEP][PASSED] - genericFunctions.EnvironmentSetup.terminateOpenWebDriversManually(): genericFunctions.EnvironmentSetup.terminateOpenWebDriversManually is PASSED

2021-02-19 15:53:46 - [MESSAGE][PASSED] - genericFunctions.EnvironmentSetup.terminateOpenWebDriversManually is PASSED

2021-02-19 15:53:46 - [TEST_STEP][PASSED] - if (executionSource.contains(".tc") == false): genericFunctions.EnvironmentSetup.nextTestCaseIdInTsSuiteFile is PASSED

2021-02-19 15:53:46 - [TEST_STEP][PASSED] - genericFunctions.EnvironmentSetup.nextTestCaseIdInTsSuiteFile(fullSuiteName): genericFunctions.EnvironmentSetup.nextTestCaseIdInTsSuiteFile is PASSED

2021-02-19 15:53:46 - [MESSAGE][PASSED] - genericFunctions.EnvironmentSetup.nextTestCaseIdInTsSuiteFile is PASSED

2021-02-19 15:53:46 - [TEST_STEP][PASSED] - skipReason = "": null

2021-02-19 15:53:46 - [TEST_STEP][PASSED] - if (currentTestCaseSkippedStatus.equals("true")): null

2021-02-19 15:53:46 - [TEST_STEP][PASSED] - genericFunctions.DataProcessing.customReportGeneration(mapTcProps, suiteName, testName, testCaseContext, skipReason, subErrorEntity): genericFunctions.DataProcessing.customReportGeneration is PASSED

2021-02-19 15:53:47 - [MESSAGE][PASSED] - genericFunctions.DataProcessing.customReportGeneration is PASSED]]></system-out>
         <system-err><![CDATA[]]></system-err>
      </testcase>
      <testcase name="Test Cases/2_TestCases/2_Content Studio/Publisher/294277 - Edit Catalog with WIP state" time="125.848" classname="Test Cases/2_TestCases/2_Content Studio/Publisher/294277 - Edit Catalog with WIP state" status="PASSED">
         <system-out><![CDATA[2021-02-19 15:53:47 - [TEST_CASE][PASSED] - Test Cases/2_TestCases/2_Content Studio/Publisher/294277 - Edit Catalog with WIP state: Test Cases/2_TestCases/2_Content Studio/Publisher/294277 - Edit Catalog with WIP state

2021-02-19 15:53:47 - [TEST_STEP][PASSED] - Start listener action : sampleBeforeTestCase: genericFunctions.DataProcessing.getTestInputValueFromExcelDataJsonString is PASSED

2021-02-19 15:53:47 - [TEST_STEP][PASSED] - mapTcProps.clear(): null

2021-02-19 15:53:47 - [TEST_STEP][PASSED] - if (executionSource.contains(".tc")): null

2021-02-19 15:53:47 - [TEST_STEP][PASSED] - currentTestCaseSkippedStatus = null: null

2021-02-19 15:53:47 - [TEST_STEP][PASSED] - currentTestCaseNonSupportedEnvironments = null: null

2021-02-19 15:53:47 - [TEST_STEP][PASSED] - currentTestCaseCaptureNetworkTraffic = null: null

2021-02-19 15:53:47 - [TEST_STEP][PASSED] - anyWebDriverSessionOpen = null: null

2021-02-19 15:53:47 - [TEST_STEP][PASSED] - currentTestCaseImgCheckSuccess = null: null

2021-02-19 15:53:47 - [TEST_STEP][PASSED] - envInfo.put("fetchURL", ""): null

2021-02-19 15:53:47 - [TEST_STEP][PASSED] - envInfo.put("privacyPolicyMessageResponded", false): null

2021-02-19 15:53:47 - [TEST_STEP][PASSED] - fullTestName = testCaseContext.getTestCaseId(): null

2021-02-19 15:53:47 - [TEST_STEP][PASSED] - if (fullTestName.contains("0_EnvInfo") == false): null

2021-02-19 15:53:47 - [TEST_STEP][PASSED] - testName = fullTestName.substring(fullTestName.lastIndexOf("/") + 1): null

2021-02-19 15:53:47 - [TEST_STEP][PASSED] - currentTestCase = testName.substring(0, testName.indexOf("-")): null

2021-02-19 15:53:47 - [TEST_STEP][PASSED] - currentTestCase = currentTestCase.replaceAll(" ", ""): null

2021-02-19 15:53:47 - [TEST_STEP][PASSED] - currentTestCaseID = currentTestCase: null

2021-02-19 15:53:47 - [TEST_STEP][PASSED] - try: null

2021-02-19 15:53:47 - [TEST_STEP][PASSED] - if (toString().contains("(null)") == false): null

2021-02-19 15:53:47 - [TEST_STEP][PASSED] - catch (Exception BrowserNotOpenedException): null

2021-02-19 15:53:47 - [TEST_STEP][PASSED] - anyWebDriverSessionOpen = "false": null

2021-02-19 15:53:47 - [TEST_STEP][PASSED] - if (getTestCaseVariables().containsKey("captureNetworkTraffic")): null

2021-02-19 15:53:47 - [TEST_STEP][PASSED] - if (getTestCaseVariables().containsKey("nonSupportedEnvironments")): null

2021-02-19 15:53:47 - [TEST_STEP][PASSED] - testCaseToBeSkipped = false: null

2021-02-19 15:53:47 - [TEST_STEP][PASSED] - tfsWebServices.setTfsIntegrationPropertiesFilePath("./External Libraries/tfsIntegration.properties"): null

2021-02-19 15:53:47 - [TEST_STEP][PASSED] - tfsWebServices.setTfsIntegrationTempPropertiesFilePath("./External Libraries/tfsIntegrationTemp/tfsIntegrationTemp_" + suiteName + ".properties"): null

2021-02-19 15:53:47 - [TEST_STEP][PASSED] - workItemDetails = tfsWebServices.getWorkItemDetails(currentTestCaseID): null

2021-02-19 15:53:48 - [TEST_STEP][PASSED] - if (workItemDetails == null): null

2021-02-19 15:53:48 - [TEST_STEP][PASSED] - sleep(3000): null

2021-02-19 15:53:51 - [TEST_STEP][PASSED] - workItemDetails = tfsWebServices.getWorkItemDetails(currentTestCaseID): null

2021-02-19 15:53:52 - [TEST_STEP][PASSED] - if (workItemDetails != null): null

2021-02-19 15:53:52 - [TEST_STEP][PASSED] - else: null

2021-02-19 15:53:52 - [TEST_STEP][PASSED] - mapTcProps.put("Microsoft.VSTS.Common.Priority", "Couldn't retrieve (VSTS token may be missing OR Temporary issue)"): null

2021-02-19 15:53:52 - [TEST_STEP][PASSED] - mapTcProps.put("Technologies2020.Common.Automation", "Couldn't retrieve (VSTS token may be missing OR Temporary issue)"): null

2021-02-19 15:53:52 - [TEST_STEP][PASSED] - mapTcProps.put("System.State", "Couldn't retrieve (VSTS token may be missing OR Temporary issue)"): null

2021-02-19 15:53:52 - [TEST_STEP][PASSED] - if (executionSource.contains(".tc") == false): null

2021-02-19 15:53:52 - [TEST_STEP][PASSED] - if (testCaseToBeSkipped == false && workItemDetails != null): null

2021-02-19 15:53:52 - [TEST_STEP][PASSED] - if (testCaseToBeSkipped == false): null

2021-02-19 15:53:52 - [TEST_STEP][PASSED] - if (State").equals("Closed")): null

2021-02-19 15:53:52 - [TEST_STEP][PASSED] - else if (Automation").equals("Yes") == false && Automation").contains("Couldn't retrieve") == false): null

2021-02-19 15:53:52 - [TEST_STEP][PASSED] - else: null

2021-02-19 15:53:52 - [TEST_STEP][PASSED] - testCaseToBeSkipped = mapTcAndReason.containsKey(currentTestCaseID): null

2021-02-19 15:53:52 - [TEST_STEP][PASSED] - if (mapTcAndReason.containsKey(currentTestCaseID)): null

[...]

2021-02-19 16:04:28 - [MESSAGE][PASSED] - Delayed 5 second(s)

2021-02-19 16:04:28 - [TEST_STEP][PASSED] - uploadFile(findTestObject("Object Repository/1_Actions_AppSpecific/2_Content Studio/4_Author/input_PAF_uploadPafToImport"), "C:/Katalon/Script v5.x-newUI/Data Files/ReferenceData/PAF/" + currentTestCaseID + ".zip"): File 'C:/Katalon/Script v5.x-newUI/Data Files/ReferenceData/PAF/393610.zip' sent to object: 'Object Repository/1_Actions_AppSpecific/2_Content Studio/4_Author/input_PAF_uploadPafToImport'

2021-02-19 16:04:28 - [MESSAGE][PASSED] - File 'C:/Katalon/Script v5.x-newUI/Data Files/ReferenceData/PAF/393610.zip' sent to object: 'Object Repository/1_Actions_AppSpecific/2_Content Studio/4_Author/input_PAF_uploadPafToImport'

2021-02-19 16:04:28 - [TEST_STEP][PASSED] - delay(minuteDelay): Delayed 2 second(s)

2021-02-19 16:04:30 - [MESSAGE][PASSED] - Delayed 2 second(s)

2021-02-19 16:04:30 - [TEST_STEP][PASSED] - click(findTestObject("Object Repository/1_Actions_AppSpecific/2_Content Studio/4_Author/button_Import-PAF")): Object: 'Object Repository/1_Actions_AppSpecific/2_Content Studio/4_Author/button_Import-PAF' is clicked on

2021-02-19 16:04:30 - [MESSAGE][PASSED] - Object: 'Object Repository/1_Actions_AppSpecific/2_Content Studio/4_Author/button_Import-PAF' is clicked on

2021-02-19 16:04:30 - [TEST_STEP][PASSED] - delay(240): Delayed 240 second(s)

2021-02-19 16:08:30 - [MESSAGE][PASSED] - Delayed 240 second(s)

2021-02-19 16:08:30 - [TEST_STEP][PASSED] - genericFunctions.Utilities.waitForObjectToBeClickable(findTestObject("Object Repository/1_Actions_AppSpecific/2_Content Studio/4_Author/button_Edit")): genericFunctions.Utilities.waitForObjectToBeClickable is PASSED

2021-02-19 16:08:31 - [MESSAGE][INFO] - Clickability Attempt 1 - Katalon's clickability check for Test Object "Object Repository/1_Actions_AppSpecific/2_Content Studio/4_Author/button_Edit".

2021-02-19 16:08:31 - [MESSAGE][PASSED] - Object 'Object Repository/1_Actions_AppSpecific/2_Content Studio/4_Author/button_Edit' is clickable

2021-02-19 16:08:31 - [MESSAGE][PASSED] - genericFunctions.Utilities.waitForObjectToBeClickable is PASSED

2021-02-19 16:08:31 - [MESSAGE][PASSED] - Call Test Case 'Test Cases/1_Actions_AppSpecific/2_Content Studio/4_Author/Import_PAF' successfully

2021-02-19 16:08:31 - [TEST_STEP][PASSED] - delay(5): Delayed 5 second(s)

2021-02-19 16:08:36 - [MESSAGE][PASSED] - Delayed 5 second(s)

2021-02-19 16:08:36 - [TEST_STEP][PASSED] - callTestCase(findTestCase("1_Actions_AppSpecific/2_Content Studio/4_Author/Import_Catalog Assets"), [:], STOP_ON_FAILURE): Call Test Case 'Test Cases/1_Actions_AppSpecific/2_Content Studio/4_Author/Import_Catalog Assets' successfully

2021-02-19 16:08:36 - [TEST_CASE][PASSED] - Test Cases/1_Actions_AppSpecific/2_Content Studio/4_Author/Import_Catalog Assets: Test Cases/1_Actions_AppSpecific/2_Content Studio/4_Author/Import_Catalog Assets

2021-02-19 16:08:36 - [TEST_STEP][PASSED] - callTestCase(findTestCase("1_Actions_AppSpecific/1_2020 CS/4_Author/Catalog Authoring/Versions/Click_Import-Export"), [:], STOP_ON_FAILURE): Call Test Case 'Test Cases/1_Actions_AppSpecific/1_2020 CS/4_Author/Catalog Authoring/Versions/Click_Import-Export' successfully

2021-02-19 16:08:36 - [TEST_CASE][PASSED] - Test Cases/1_Actions_AppSpecific/1_2020 CS/4_Author/Catalog Authoring/Versions/Click_Import-Export: Test Cases/1_Actions_AppSpecific/1_2020 CS/4_Author/Catalog Authoring/Versions/Click_Import-Export

2021-02-19 16:08:36 - [TEST_STEP][PASSED] - genericFunctions.Utilities.waitForObjectToBeClickableAndClick(findTestObject("Object Repository/1_Actions_AppSpecific/2_Content Studio/4_Author/i_import-catalog-btn")): genericFunctions.Utilities.waitForObjectToBeClickableAndClick is PASSED

2021-02-19 16:08:36 - [MESSAGE][INFO] - Clickability Attempt 1 - Katalon's clickability check for Test Object "Object Repository/1_Actions_AppSpecific/2_Content Studio/4_Author/i_import-catalog-btn".

2021-02-19 16:08:36 - [MESSAGE][PASSED] - Object 'Object Repository/1_Actions_AppSpecific/2_Content Studio/4_Author/i_import-catalog-btn' is clickable

2021-02-19 16:08:36 - [MESSAGE][INFO] - ------------------------------

2021-02-19 16:08:36 - [MESSAGE][INFO] - Actual Click Attempt 1 - Katalon's click attempt for Test Object "Object Repository/1_Actions_AppSpecific/2_Content Studio/4_Author/i_import-catalog-btn".

2021-02-19 16:08:36 - [MESSAGE][PASSED] - Object: 'Object Repository/1_Actions_AppSpecific/2_Content Studio/4_Author/i_import-catalog-btn' is clicked on

2021-02-19 16:08:36 - [MESSAGE][PASSED] - genericFunctions.Utilities.waitForObjectToBeClickableAndClick is PASSED

2021-02-19 16:08:36 - [MESSAGE][PASSED] - Call Test Case 'Test Cases/1_Actions_AppSpecific/1_2020 CS/4_Author/Catalog Authoring/Versions/Click_Import-Export' successfully

2021-02-19 16:08:36 - [TEST_STEP][PASSED] - delay(5): Delayed 5 second(s)

2021-02-19 16:08:41 - [MESSAGE][PASSED] - Delayed 5 second(s)

2021-02-19 16:08:41 - [TEST_STEP][PASSED] - uploadFile(findTestObject("Object Repository/1_Actions_AppSpecific/2_Content Studio/4_Author/input_Catalog Assets_uploadDatapackToImport"), "C:/Katalon/Script v5.x-newUI/Data Files/ReferenceData/Catalog Assets/" + currentTestCaseID + ".zip"): File 'C:/Katalon/Script v5.x-newUI/Data Files/ReferenceData/Catalog Assets/393610.zip' sent to object: 'Object Repository/1_Actions_AppSpecific/2_Content Studio/4_Author/input_Catalog Assets_uploadDatapackToImport'

2021-02-19 16:08:41 - [MESSAGE][PASSED] - File 'C:/Katalon/Script v5.x-newUI/Data Files/ReferenceData/Catalog Assets/393610.zip' sent to object: 'Object Repository/1_Actions_AppSpecific/2_Content Studio/4_Author/input_Catalog Assets_uploadDatapackToImport'

2021-02-19 16:08:41 - [TEST_STEP][PASSED] - delay(minuteDelay): Delayed 2 second(s)

2021-02-19 16:08:43 - [MESSAGE][PASSED] - Delayed 2 second(s)

2021-02-19 16:08:43 - [TEST_STEP][PASSED] - click(findTestObject("Object Repository/1_Actions_AppSpecific/2_Content Studio/4_Author/button_Import-Asset")): Object: 'Object Repository/1_Actions_AppSpecific/2_Content Studio/4_Author/button_Import-Asset' is clicked on

2021-02-19 16:08:43 - [MESSAGE][PASSED] - Object: 'Object Repository/1_Actions_AppSpecific/2_Content Studio/4_Author/button_Import-Asset' is clicked on

2021-02-19 16:08:43 - [TEST_STEP][PASSED] - delay(30): Delayed 30 second(s)

2021-02-19 16:09:13 - [MESSAGE][PASSED] - Delayed 30 second(s)

2021-02-19 16:09:13 - [TEST_STEP][PASSED] - genericFunctions.Utilities.waitForObjectToBeClickable(findTestObject("Object Repository/1_Actions_AppSpecific/2_Content Studio/4_Author/button_Edit")): genericFunctions.Utilities.waitForObjectToBeClickable is PASSED

2021-02-19 16:09:13 - [MESSAGE][INFO] - Clickability Attempt 1 - Katalon's clickability check for Test Object "Object Repository/1_Actions_AppSpecific/2_Content Studio/4_Author/button_Edit".

2021-02-19 16:09:13 - [MESSAGE][PASSED] - Object 'Object Repository/1_Actions_AppSpecific/2_Content Studio/4_Author/button_Edit' is clickable

2021-02-19 16:09:13 - [MESSAGE][PASSED] - genericFunctions.Utilities.waitForObjectToBeClickable is PASSED

2021-02-19 16:09:13 - [MESSAGE][PASSED] - Call Test Case 'Test Cases/1_Actions_AppSpecific/2_Content Studio/4_Author/Import_Catalog Assets' successfully

2021-02-19 16:09:13 - [TEST_STEP][PASSED] - delay(5): Delayed 5 second(s)

2021-02-19 16:09:18 - [MESSAGE][PASSED] - Delayed 5 second(s)

2021-02-19 16:09:18 - [TEST_STEP][PASSED] - callTestCase(findTestCase("1_Actions_AppSpecific/2_Content Studio/4_Author/Click_Release_Note"), [:], STOP_ON_FAILURE): Call Test Case 'Test Cases/1_Actions_AppSpecific/2_Content Studio/4_Author/Click_Release_Note' successfully

2021-02-19 16:09:18 - [TEST_CASE][PASSED] - Test Cases/1_Actions_AppSpecific/2_Content Studio/4_Author/Click_Release_Note: Test Cases/1_Actions_AppSpecific/2_Content Studio/4_Author/Click_Release_Note

2021-02-19 16:09:18 - [TEST_STEP][PASSED] - click(findTestObject("1_Actions_AppSpecific/2_Content Studio/4_Author/button_Edit_catVerDropdown")): Object: 'Object Repository/1_Actions_AppSpecific/2_Content Studio/4_Author/button_Edit_catVerDropdown' is clicked on

2021-02-19 16:09:19 - [MESSAGE][PASSED] - Object: 'Object Repository/1_Actions_AppSpecific/2_Content Studio/4_Author/button_Edit_catVerDropdown' is clicked on

2021-02-19 16:09:19 - [TEST_STEP][PASSED] - delay(3): Delayed 3 second(s)

2021-02-19 16:09:22 - [MESSAGE][PASSED] - Delayed 3 second(s)

2021-02-19 16:09:22 - [TEST_STEP][PASSED] - click(findTestObject("1_Actions_AppSpecific/2_Content Studio/4_Author/button_Release Notes")): Object: 'Object Repository/1_Actions_AppSpecific/2_Content Studio/4_Author/button_Release Notes' is clicked on

2021-02-19 16:09:22 - [MESSAGE][PASSED] - Object: 'Object Repository/1_Actions_AppSpecific/2_Content Studio/4_Author/button_Release Notes' is clicked on

2021-02-19 16:09:22 - [MESSAGE][PASSED] - Call Test Case 'Test Cases/1_Actions_AppSpecific/2_Content Studio/4_Author/Click_Release_Note' successfully

2021-02-19 16:09:22 - [TEST_STEP][PASSED] - delay(5): Delayed 5 second(s)

2021-02-19 16:09:27 - [MESSAGE][PASSED] - Delayed 5 second(s)

2021-02-19 16:09:27 - [TEST_STEP][PASSED] - callTestCase(findTestCase("1_Actions_AppSpecific/2_Content Studio/4_Author/Generate_Release_Note"), [:], STOP_ON_FAILURE): Call Test Case 'Test Cases/1_Actions_AppSpecific/2_Content Studio/4_Author/Generate_Release_Note' successfully

2021-02-19 16:09:27 - [TEST_CASE][PASSED] - Test Cases/1_Actions_AppSpecific/2_Content Studio/4_Author/Generate_Release_Note: Test Cases/1_Actions_AppSpecific/2_Content Studio/4_Author/Generate_Release_Note

2021-02-19 16:09:27 - [TEST_STEP][PASSED] - click(findTestObject("1_Actions_AppSpecific/2_Content Studio/4_Author/textBox_Release_Summary")): Object: 'Object Repository/1_Actions_AppSpecific/2_Content Studio/4_Author/textBox_Release_Summary' is clicked on

2021-02-19 16:09:27 - [MESSAGE][PASSED] - Object: 'Object Repository/1_Actions_AppSpecific/2_Content Studio/4_Author/textBox_Release_Summary' is clicked on

2021-02-19 16:09:27 - [TEST_STEP][PASSED] - delay(3): Delayed 3 second(s)

2021-02-19 16:09:30 - [MESSAGE][PASSED] - Delayed 3 second(s)

2021-02-19 16:09:30 - [TEST_STEP][PASSED] - setText(findTestObject("1_Actions_AppSpecific/2_Content Studio/4_Author/textBox_Release_Summary"), genericFunctions.DataProcessing.readTestDataFromExcelFile(currentTestCaseID, "Release Note")): Text 'Automation Testing Smoke' is set on object 'Object Repository/1_Actions_AppSpecific/2_Content Studio/4_Author/textBox_Release_Summary'

2021-02-19 16:09:30 - [MESSAGE][PASSED] - genericFunctions.DataProcessing.readTestDataFromExcelFile is PASSED

2021-02-19 16:09:30 - [MESSAGE][PASSED] - Text 'Automation Testing Smoke' is set on object 'Object Repository/1_Actions_AppSpecific/2_Content Studio/4_Author/textBox_Release_Summary'

2021-02-19 16:09:30 - [TEST_STEP][PASSED] - delay(3): Delayed 3 second(s)

2021-02-19 16:09:33 - [MESSAGE][PASSED] - Delayed 3 second(s)

2021-02-19 16:09:33 - [TEST_STEP][PASSED] - click(findTestObject("1_Actions_AppSpecific/2_Content Studio/4_Author/button_Generate")): Object: 'Object Repository/1_Actions_AppSpecific/2_Content Studio/4_Author/button_Generate' is clicked on

2021-02-19 16:09:33 - [MESSAGE][PASSED] - Object: 'Object Repository/1_Actions_AppSpecific/2_Content Studio/4_Author/button_Generate' is clicked on

2021-02-19 16:09:33 - [MESSAGE][PASSED] - Call Test Case 'Test Cases/1_Actions_AppSpecific/2_Content Studio/4_Author/Generate_Release_Note' successfully

2021-02-19 16:09:33 - [TEST_STEP][PASSED] - delay(10): Delayed 10 second(s)

2021-02-19 16:09:43 - [MESSAGE][PASSED] - Delayed 10 second(s)

2021-02-19 16:09:43 - [TEST_STEP][PASSED] - formatter = new java.text.SimpleDateFormat(M/dd/yyyy): null

2021-02-19 16:09:43 - [TEST_STEP][PASSED] - date = new java.util.Date(): null

2021-02-19 16:09:43 - [TEST_STEP][PASSED] - currentDate = formatter.format(date): null

2021-02-19 16:09:43 - [TEST_STEP][PASSED] - strVer = getText(findTestObject("1_Actions_AppSpecific/2_Content Studio/4_Author/subtitle_Version")): Text of object 'Object Repository/1_Actions_AppSpecific/2_Content Studio/4_Author/subtitle_Version' is: 'Version 1.0 '

2021-02-19 16:09:44 - [MESSAGE][PASSED] - Text of object 'Object Repository/1_Actions_AppSpecific/2_Content Studio/4_Author/subtitle_Version' is: 'Version 1.0 '

2021-02-19 16:09:44 - [TEST_STEP][PASSED] - strDate = getText(findTestObject("1_Actions_AppSpecific/2_Content Studio/4_Author/subtitle_Published_Date")): Text of object 'Object Repository/1_Actions_AppSpecific/2_Content Studio/4_Author/subtitle_Published_Date' is: '2/19/2021'

2021-02-19 16:09:44 - [MESSAGE][PASSED] - Text of object 'Object Repository/1_Actions_AppSpecific/2_Content Studio/4_Author/subtitle_Published_Date' is: '2/19/2021'

2021-02-19 16:09:44 - [TEST_STEP][PASSED] - strnote = getText(findTestObject("1_Actions_AppSpecific/2_Content Studio/4_Author/subtitle_Release_Note")): Text of object 'Object Repository/1_Actions_AppSpecific/2_Content Studio/4_Author/subtitle_Release_Note' is: 'Automation Testing Smoke'

2021-02-19 16:09:44 - [MESSAGE][PASSED] - Text of object 'Object Repository/1_Actions_AppSpecific/2_Content Studio/4_Author/subtitle_Release_Note' is: 'Automation Testing Smoke'

2021-02-19 16:09:44 - [TEST_STEP][PASSED] - genericFunctions.Assertions.valueEqualityAssertion(strVer, genericFunctions.DataProcessing.readTestDataFromExcelFile(currentTestCaseID, "VersionText"), "Expected and actual Version Text string not equal"): genericFunctions.Assertions.valueEqualityAssertion is PASSED

2021-02-19 16:09:44 - [MESSAGE][PASSED] - genericFunctions.DataProcessing.readTestDataFromExcelFile is PASSED

2021-02-19 16:09:44 - [MESSAGE][PASSED] - genericFunctions.Assertions.valueEqualityAssertion is PASSED

2021-02-19 16:09:44 - [TEST_STEP][PASSED] - genericFunctions.Assertions.valueEqualityAssertion(strDate, currentDate, "Expected and actual Published Date string not equal"): genericFunctions.Assertions.valueEqualityAssertion is PASSED

2021-02-19 16:09:44 - [MESSAGE][PASSED] - genericFunctions.Assertions.valueEqualityAssertion is PASSED

2021-02-19 16:09:44 - [TEST_STEP][PASSED] - genericFunctions.Assertions.valueEqualityAssertion(strnote, genericFunctions.DataProcessing.readTestDataFromExcelFile(currentTestCaseID, "Release Note"), "Expected and actual currency string not equal"): genericFunctions.Assertions.valueEqualityAssertion is PASSED

2021-02-19 16:09:44 - [MESSAGE][PASSED] - genericFunctions.DataProcessing.readTestDataFromExcelFile is PASSED

2021-02-19 16:09:44 - [MESSAGE][PASSED] - genericFunctions.Assertions.valueEqualityAssertion is PASSED

2021-02-19 16:09:44 - [TEST_STEP][PASSED] - Start listener action : sampleAfterTestCase: genericFunctions.DataProcessing.customReportGeneration is PASSED

2021-02-19 16:09:44 - [TEST_STEP][PASSED] - aEAPIConsumption = new appSpecificFunctions.AEAPIConsumption(): null

2021-02-19 16:09:44 - [TEST_STEP][PASSED] - aEAPIConsumption.setCatalogCodeAndVersionInGlobalVariables(): null

2021-02-19 16:09:44 - [TEST_STEP][PASSED] - aEAPIConsumption.setAppDetailsInGlobalVariables(): null

2021-02-19 16:09:44 - [TEST_STEP][PASSED] - fullTestName = testCaseContext.getTestCaseId(): null

2021-02-19 16:09:44 - [TEST_STEP][PASSED] - testName = fullTestName.substring(fullTestName.lastIndexOf("/") + 1): null

2021-02-19 16:09:44 - [TEST_STEP][PASSED] - if (fullTestName.contains("0_EnvInfo") == false): null

2021-02-19 16:09:44 - [TEST_STEP][PASSED] - currentTestCase = testName.substring(0, testName.indexOf("-")): null

2021-02-19 16:09:44 - [TEST_STEP][PASSED] - currentTestCase = currentTestCase.replaceAll(" ", ""): null

2021-02-19 16:09:44 - [TEST_STEP][PASSED] - currentTestCaseID = currentTestCase: null

2021-02-19 16:09:44 - [TEST_STEP][PASSED] - localMap = new java.util.HashMap(): null

2021-02-19 16:09:44 - [TEST_STEP][PASSED] - localMap.clear(): null

2021-02-19 16:09:44 - [TEST_STEP][PASSED] - localMap.put("status", getTestCaseStatus().toString()): null

2021-02-19 16:09:44 - [TEST_STEP][PASSED] - try: null

2021-02-19 16:09:44 - [TEST_STEP][PASSED] - manualVerificationNeeded = getTestCaseVariables().get("manualVerificationNeeded"): null

2021-02-19 16:09:44 - [TEST_STEP][PASSED] - println("manualVerificationNeeded : " + manualVerificationNeeded): null

2021-02-19 16:09:44 - [TEST_STEP][PASSED] - if (manualVerificationNeeded.equalsIgnoreCase("true")): null

2021-02-19 16:09:44 - [TEST_STEP][PASSED] - catch (Exception e): null

2021-02-19 16:09:44 - [TEST_STEP][PASSED] - localMap.put("manualVerificationNeeded", "false"): null

2021-02-19 16:09:44 - [TEST_STEP][PASSED] - if (currentTestCaseSkippedStatus.equals("true")): null

2021-02-19 16:09:44 - [TEST_STEP][PASSED] - else: null

2021-02-19 16:09:44 - [TEST_STEP][PASSED] - localMap.put("testCaseSkipped", "false"): null

2021-02-19 16:09:44 - [TEST_STEP][PASSED] - testCasesListWithStatus.put(currentTestCase, localMap): null

2021-02-19 16:09:44 - [TEST_STEP][PASSED] - skipReason = "": null

2021-02-19 16:09:44 - [TEST_STEP][PASSED] - if (currentTestCaseSkippedStatus.equals("true")): null

2021-02-19 16:09:44 - [TEST_STEP][PASSED] - else: null

2021-02-19 16:09:44 - [TEST_STEP][PASSED] - testCasesList.add(currentTestCaseID): null

2021-02-19 16:09:44 - [TEST_STEP][PASSED] - if (testCaseContext.isSkipped() == false): genericFunctions.EnvironmentSetup.nextTestCaseIdInTsSuiteFile is PASSED

2021-02-19 16:09:44 - [TEST_STEP][PASSED] - if (getTestCaseStatus().equalsIgnoreCase("passed") == false): null

2021-02-19 16:09:44 - [TEST_STEP][PASSED] - if (getTestCaseVariables().containsKey("captureNetworkTraffic")): null

2021-02-19 16:09:44 - [TEST_STEP][PASSED] - if (toString().equals("false") && getTestCaseVariables().containsKey("useBrowserSessionOfThisTestForNextTest")): null

2021-02-19 16:09:44 - [TEST_STEP][PASSED] - else: genericFunctions.EnvironmentSetup.terminateOpenWebDriversManually is PASSED

2021-02-19 16:09:44 - [TEST_STEP][PASSED] - genericFunctions.EnvironmentSetup.terminateOpenWebDriversManually(): genericFunctions.EnvironmentSetup.terminateOpenWebDriversManually is PASSED

2021-02-19 16:09:45 - [MESSAGE][PASSED] - genericFunctions.EnvironmentSetup.terminateOpenWebDriversManually is PASSED

2021-02-19 16:09:45 - [TEST_STEP][PASSED] - if (executionSource.contains(".tc") == false): genericFunctions.EnvironmentSetup.nextTestCaseIdInTsSuiteFile is PASSED

2021-02-19 16:09:45 - [TEST_STEP][PASSED] - genericFunctions.EnvironmentSetup.nextTestCaseIdInTsSuiteFile(fullSuiteName): genericFunctions.EnvironmentSetup.nextTestCaseIdInTsSuiteFile is PASSED

2021-02-19 16:09:45 - [MESSAGE][PASSED] - genericFunctions.EnvironmentSetup.nextTestCaseIdInTsSuiteFile is PASSED

2021-02-19 16:09:45 - [TEST_STEP][PASSED] - skipReason = "": null

2021-02-19 16:09:45 - [TEST_STEP][PASSED] - if (currentTestCaseSkippedStatus.equals("true")): null

2021-02-19 16:09:45 - [TEST_STEP][PASSED] - genericFunctions.DataProcessing.customReportGeneration(mapTcProps, suiteName, testName, testCaseContext, skipReason, subErrorEntity): genericFunctions.DataProcessing.customReportGeneration is PASSED

2021-02-19 16:09:45 - [MESSAGE][PASSED] - genericFunctions.DataProcessing.customReportGeneration is PASSED]]></system-out>
         <system-err><![CDATA[]]></system-err>
      </testcase>
      <system-out><![CDATA[2021-02-19 15:51:39 - [TEST_SUITE][PASSED] - Content Studio_1: Test Cases/2_TestCases/2_Content Studio/Authoring/393610 - To generate Release Note for Base Version of a catalog]]></system-out>
      <system-err><![CDATA[]]></system-err>
   </testsuite>
</testsuites>
